#
# There is insufficient memory for the Java Runtime Environment to continue.
# Native memory allocation (malloc) failed to allocate 969136 bytes. Error detail: Chunk::new
# Possible reasons:
#   The system is out of physical RAM or swap space
#   This process is running with CompressedOops enabled, and the Java Heap may be blocking the growth of the native heap
# Possible solutions:
#   Reduce memory load on the system
#   Increase physical memory or swap space
#   Check if swap backing store is full
#   Decrease Java heap size (-Xmx/-Xms)
#   Decrease number of Java threads
#   Decrease Java thread stack sizes (-Xss)
#   Set larger code cache with -XX:ReservedCodeCacheSize=
#   JVM is running with Unscaled Compressed Oops mode in which the Java heap is
#     placed in the first 4GB address space. The Java Heap base address is the
#     maximum limit for the native heap growth. Please use -XX:HeapBaseMinAddress
#     to set the Java Heap base and to place the Java Heap above 4GB virtual address.
# This output file may be truncated or incomplete.
#
#  Out of Memory Error (arena.cpp:150), pid=17128, tid=616
#
# JRE version: OpenJDK Runtime Environment (22.0+36) (build 22+36-2370)
# Java VM: OpenJDK 64-Bit Server VM (22+36-2370, mixed mode, sharing, tiered, compressed oops, compressed class ptrs, g1 gc, windows-amd64)
# No core dump will be written. Minidumps are not enabled by default on client versions of Windows
#

---------------  S U M M A R Y ------------

Command Line: -javaagent:C:\Program Files\JetBrains\IntelliJ IDEA 2024.2.3\lib\idea_rt.jar=65219:C:\Program Files\JetBrains\IntelliJ IDEA 2024.2.3\bin -Dfile.encoding=UTF-8 -Dsun.stdout.encoding=UTF-8 -Dsun.stderr.encoding=UTF-8 org.example.App

Host: AMD Athlon Gold 3150U with Radeon Graphics     , 4 cores, 3G,  Windows 11 , 64 bit Build 22621 (10.0.22621.4830)
Time: Fri Feb 21 19:20:20 2025 Eastern Standard Time elapsed time: 6.902849 seconds (0d 0h 0m 6s)

---------------  T H R E A D  ---------------

Current thread (0x000001996f155020):  JavaThread "C2 CompilerThread0" daemon [_thread_in_native, id=616, stack(0x0000002350100000,0x0000002350200000) (1024K)]


Current CompileTask:
C2:6902 2879       4       sun.security.ec.ECOperations::setDouble (463 bytes)

Stack: [0x0000002350100000,0x0000002350200000]
Native frames: (J=compiled Java code, j=interpreted, Vv=VM code, C=native code)
V  [jvm.dll+0x6e2349]  (no source info available)
V  [jvm.dll+0x874ed3]  (no source info available)
V  [jvm.dll+0x8772fe]  (no source info available)
V  [jvm.dll+0x8779d3]  (no source info available)
V  [jvm.dll+0x27fcb6]  (no source info available)
V  [jvm.dll+0xc3d0f]  (no source info available)
V  [jvm.dll+0xc3f6b]  (no source info available)
V  [jvm.dll+0x2f3b6f]  (no source info available)
V  [jvm.dll+0x60bd8a]  (no source info available)
V  [jvm.dll+0x2499d6]  (no source info available)
V  [jvm.dll+0x246eb6]  (no source info available)
V  [jvm.dll+0x1c4e90]  (no source info available)
V  [jvm.dll+0x25699e]  (no source info available)
V  [jvm.dll+0x254c5a]  (no source info available)
V  [jvm.dll+0x3f5426]  (no source info available)
V  [jvm.dll+0x81d50b]  (no source info available)
V  [jvm.dll+0x6e09e5]  (no source info available)
C  [ucrtbase.dll+0x29333]  (no source info available)
C  [KERNEL32.DLL+0x1259d]  (no source info available)
C  [ntdll.dll+0x5af38]  (no source info available)


---------------  P R O C E S S  ---------------

Threads class SMR info:
_java_thread_list=0x000001996fed3210, length=13, elements={
0x00000199116571d0, 0x000001996f146b80, 0x000001996f1479a0, 0x000001996f14d340,
0x000001996f14dda0, 0x000001996f14f810, 0x000001996f154290, 0x000001996f155020,
0x000001996f159360, 0x000001996f343890, 0x000001996f3452d0, 0x000001996f345960,
0x000001996f3424e0
}

Java Threads: ( => current thread )
  0x00000199116571d0 JavaThread "main"                              [_thread_in_native, id=9988, stack(0x000000234f300000,0x000000234f400000) (1024K)]
  0x000001996f146b80 JavaThread "Reference Handler"          daemon [_thread_blocked, id=23260, stack(0x000000234fb00000,0x000000234fc00000) (1024K)]
  0x000001996f1479a0 JavaThread "Finalizer"                  daemon [_thread_blocked, id=16952, stack(0x000000234fc00000,0x000000234fd00000) (1024K)]
  0x000001996f14d340 JavaThread "Signal Dispatcher"          daemon [_thread_blocked, id=5528, stack(0x000000234fd00000,0x000000234fe00000) (1024K)]
  0x000001996f14dda0 JavaThread "Attach Listener"            daemon [_thread_blocked, id=13388, stack(0x000000234fe00000,0x000000234ff00000) (1024K)]
  0x000001996f14f810 JavaThread "Service Thread"             daemon [_thread_blocked, id=10828, stack(0x000000234ff00000,0x0000002350000000) (1024K)]
  0x000001996f154290 JavaThread "Monitor Deflation Thread"   daemon [_thread_blocked, id=18632, stack(0x0000002350000000,0x0000002350100000) (1024K)]
=>0x000001996f155020 JavaThread "C2 CompilerThread0"         daemon [_thread_in_native, id=616, stack(0x0000002350100000,0x0000002350200000) (1024K)]
  0x000001996f159360 JavaThread "C1 CompilerThread0"         daemon [_thread_blocked, id=24236, stack(0x0000002350200000,0x0000002350300000) (1024K)]
  0x000001996f343890 JavaThread "Common-Cleaner"             daemon [_thread_blocked, id=6704, stack(0x0000002350300000,0x0000002350400000) (1024K)]
  0x000001996f3452d0 JavaThread "Monitor Ctrl-Break"         daemon [_thread_in_native, id=7452, stack(0x0000002350400000,0x0000002350500000) (1024K)]
  0x000001996f345960 JavaThread "Notification Thread"        daemon [_thread_blocked, id=9324, stack(0x0000002350500000,0x0000002350600000) (1024K)]
  0x000001996f3424e0 JavaThread "mysql-cj-abandoned-connection-cleanup" daemon [_thread_blocked, id=10200, stack(0x0000002350900000,0x0000002350a00000) (1024K)]
Total: 13

Other Threads:
  0x000001996f1296d0 VMThread "VM Thread"                           [id=21444, stack(0x000000234fa00000,0x000000234fb00000) (1024K)]
  0x00000199138e22c0 WatcherThread "VM Periodic Task Thread"        [id=23992, stack(0x000000234f900000,0x000000234fa00000) (1024K)]
  0x0000019913861bb0 WorkerThread "GC Thread#0"                     [id=9212, stack(0x000000234f400000,0x000000234f500000) (1024K)]
  0x000001996fc79730 WorkerThread "GC Thread#1"                     [id=23420, stack(0x0000002350600000,0x0000002350700000) (1024K)]
  0x000001996fca9380 WorkerThread "GC Thread#2"                     [id=16752, stack(0x0000002350700000,0x0000002350800000) (1024K)]
  0x000001996fc4a290 WorkerThread "GC Thread#3"                     [id=4444, stack(0x0000002350800000,0x0000002350900000) (1024K)]
  0x000001991387a390 ConcurrentGCThread "G1 Main Marker"            [id=22200, stack(0x000000234f500000,0x000000234f600000) (1024K)]
  0x000001991387b640 WorkerThread "G1 Conc#0"                       [id=24492, stack(0x000000234f600000,0x000000234f700000) (1024K)]
  0x00000199138d2700 ConcurrentGCThread "G1 Refine#0"               [id=3240, stack(0x000000234f700000,0x000000234f800000) (1024K)]
  0x00000199138d4290 ConcurrentGCThread "G1 Service"                [id=7048, stack(0x000000234f800000,0x000000234f900000) (1024K)]
Total: 10

Threads with active compile tasks:
C2 CompilerThread0  7095 2879       4       sun.security.ec.ECOperations::setDouble (463 bytes)
Total: 1

VM state: not at safepoint (normal execution)

VM Mutex/Monitor currently owned by a thread: None

Heap address: 0x00000000c9400000, size: 876 MB, Compressed Oops mode: 32-bit

CDS archive(s) mapped at: [0x000001992e000000-0x000001992ec50000-0x000001992ec50000), size 12910592, SharedBaseAddress: 0x000001992e000000, ArchiveRelocationMode: 1.
Compressed class space mapped at: 0x000001992f000000-0x000001996f000000, reserved size: 1073741824
Narrow klass base: 0x000001992e000000, Narrow klass shift: 0, Narrow klass range: 0x41000000

GC Precious Log:
 CardTable entry size: 512
 Card Set container configuration: InlinePtr #cards 5 size 8 Array Of Cards #cards 12 size 40 Howl #buckets 4 coarsen threshold 1843 Howl Bitmap #cards 512 size 80 coarsen threshold 460 Card regions per heap region 1 cards per card region 2048
 CPUs: 4 total, 4 available
 Memory: 3503M
 Large Page Support: Disabled
 NUMA Support: Disabled
 Compressed Oops: Enabled (32-bit)
 Heap Region Size: 1M
 Heap Min Capacity: 8M
 Heap Initial Capacity: 56M
 Heap Max Capacity: 876M
 Pre-touch: Disabled
 Parallel Workers: 4
 Concurrent Workers: 1
 Concurrent Refinement Workers: 4
 Periodic GC: Disabled

Heap:
 garbage-first heap   total reserved 897024K, committed 45056K, used 13147K [0x00000000c9400000, 0x0000000100000000)
  region size 1024K, 3 young (3072K), 2 survivors (2048K)
 Metaspace       used 21640K, committed 21952K, reserved 1114112K
  class space    used 2548K, committed 2688K, reserved 1048576K

Heap Regions: E=young(eden), S=young(survivor), O=old, HS=humongous(starts), HC=humongous(continues), CS=collection set, F=free, TAMS=top-at-mark-start, PB=parsable bottom
|   0|0x00000000c9400000, 0x00000000c9500000, 0x00000000c9500000|100%|HS|  |TAMS 0x00000000c9400000| PB 0x00000000c9400000| Complete |  0
|   1|0x00000000c9500000, 0x00000000c9600000, 0x00000000c9600000|100%| O|  |TAMS 0x00000000c9500000| PB 0x00000000c9500000| Untracked |  0
|   2|0x00000000c9600000, 0x00000000c9700000, 0x00000000c9700000|100%| O|  |TAMS 0x00000000c9600000| PB 0x00000000c9600000| Untracked |  0
|   3|0x00000000c9700000, 0x00000000c9800000, 0x00000000c9800000|100%| O|  |TAMS 0x00000000c9700000| PB 0x00000000c9700000| Untracked |  0
|   4|0x00000000c9800000, 0x00000000c9900000, 0x00000000c9900000|100%| O|  |TAMS 0x00000000c9800000| PB 0x00000000c9800000| Untracked |  0
|   5|0x00000000c9900000, 0x00000000c9a00000, 0x00000000c9a00000|100%| O|  |TAMS 0x00000000c9900000| PB 0x00000000c9900000| Untracked |  0
|   6|0x00000000c9a00000, 0x00000000c9b00000, 0x00000000c9b00000|100%| O|  |TAMS 0x00000000c9a00000| PB 0x00000000c9a00000| Untracked |  0
|   7|0x00000000c9b00000, 0x00000000c9c00000, 0x00000000c9c00000|100%| O|  |TAMS 0x00000000c9b00000| PB 0x00000000c9b00000| Untracked |  0
|   8|0x00000000c9c00000, 0x00000000c9d00000, 0x00000000c9d00000|100%| O|  |TAMS 0x00000000c9c00000| PB 0x00000000c9c00000| Untracked |  0
|   9|0x00000000c9d00000, 0x00000000c9e00000, 0x00000000c9e00000|100%| O|  |TAMS 0x00000000c9d00000| PB 0x00000000c9d00000| Untracked |  0
|  10|0x00000000c9e00000, 0x00000000c9ed6f60, 0x00000000c9f00000| 83%| O|Cm|TAMS 0x00000000c9e00000| PB 0x00000000c9e00000| Complete |  0
|  11|0x00000000c9f00000, 0x00000000c9f00000, 0x00000000ca000000|  0%| F|  |TAMS 0x00000000c9f00000| PB 0x00000000c9f00000| Untracked |  0
|  12|0x00000000ca000000, 0x00000000ca000000, 0x00000000ca100000|  0%| F|  |TAMS 0x00000000ca000000| PB 0x00000000ca000000| Untracked |  0
|  13|0x00000000ca100000, 0x00000000ca100000, 0x00000000ca200000|  0%| F|  |TAMS 0x00000000ca100000| PB 0x00000000ca100000| Untracked |  0
|  14|0x00000000ca200000, 0x00000000ca200000, 0x00000000ca300000|  0%| F|  |TAMS 0x00000000ca200000| PB 0x00000000ca200000| Untracked |  0
|  15|0x00000000ca300000, 0x00000000ca300000, 0x00000000ca400000|  0%| F|  |TAMS 0x00000000ca300000| PB 0x00000000ca300000| Untracked |  0
|  16|0x00000000ca400000, 0x00000000ca400000, 0x00000000ca500000|  0%| F|  |TAMS 0x00000000ca400000| PB 0x00000000ca400000| Untracked |  0
|  17|0x00000000ca500000, 0x00000000ca500000, 0x00000000ca600000|  0%| F|  |TAMS 0x00000000ca500000| PB 0x00000000ca500000| Untracked |  0
|  18|0x00000000ca600000, 0x00000000ca600000, 0x00000000ca700000|  0%| F|  |TAMS 0x00000000ca600000| PB 0x00000000ca600000| Untracked |  0
|  19|0x00000000ca700000, 0x00000000ca700000, 0x00000000ca800000|  0%| F|  |TAMS 0x00000000ca700000| PB 0x00000000ca700000| Untracked |  0
|  20|0x00000000ca800000, 0x00000000ca800000, 0x00000000ca900000|  0%| F|  |TAMS 0x00000000ca800000| PB 0x00000000ca800000| Untracked |  0
|  21|0x00000000ca900000, 0x00000000ca900000, 0x00000000caa00000|  0%| F|  |TAMS 0x00000000ca900000| PB 0x00000000ca900000| Untracked |  0
|  22|0x00000000caa00000, 0x00000000caa00000, 0x00000000cab00000|  0%| F|  |TAMS 0x00000000caa00000| PB 0x00000000caa00000| Untracked |  0
|  23|0x00000000cab00000, 0x00000000cab00000, 0x00000000cac00000|  0%| F|  |TAMS 0x00000000cab00000| PB 0x00000000cab00000| Untracked |  0
|  24|0x00000000cac00000, 0x00000000cac00000, 0x00000000cad00000|  0%| F|  |TAMS 0x00000000cac00000| PB 0x00000000cac00000| Untracked |  0
|  25|0x00000000cad00000, 0x00000000cad00000, 0x00000000cae00000|  0%| F|  |TAMS 0x00000000cad00000| PB 0x00000000cad00000| Untracked |  0
|  26|0x00000000cae00000, 0x00000000cae00000, 0x00000000caf00000|  0%| F|  |TAMS 0x00000000cae00000| PB 0x00000000cae00000| Untracked |  0
|  27|0x00000000caf00000, 0x00000000caf00000, 0x00000000cb000000|  0%| F|  |TAMS 0x00000000caf00000| PB 0x00000000caf00000| Untracked |  0
|  28|0x00000000cb000000, 0x00000000cb000000, 0x00000000cb100000|  0%| F|  |TAMS 0x00000000cb000000| PB 0x00000000cb000000| Untracked |  0
|  29|0x00000000cb100000, 0x00000000cb100000, 0x00000000cb200000|  0%| F|  |TAMS 0x00000000cb100000| PB 0x00000000cb100000| Untracked |  0
|  30|0x00000000cb200000, 0x00000000cb200000, 0x00000000cb300000|  0%| F|  |TAMS 0x00000000cb200000| PB 0x00000000cb200000| Untracked |  0
|  31|0x00000000cb300000, 0x00000000cb300000, 0x00000000cb400000|  0%| F|  |TAMS 0x00000000cb300000| PB 0x00000000cb300000| Untracked |  0
|  32|0x00000000cb400000, 0x00000000cb400000, 0x00000000cb500000|  0%| F|  |TAMS 0x00000000cb400000| PB 0x00000000cb400000| Untracked |  0
|  33|0x00000000cb500000, 0x00000000cb500000, 0x00000000cb600000|  0%| F|  |TAMS 0x00000000cb500000| PB 0x00000000cb500000| Untracked |  0
|  34|0x00000000cb600000, 0x00000000cb600000, 0x00000000cb700000|  0%| F|  |TAMS 0x00000000cb600000| PB 0x00000000cb600000| Untracked |  0
|  35|0x00000000cb700000, 0x00000000cb700000, 0x00000000cb800000|  0%| F|  |TAMS 0x00000000cb700000| PB 0x00000000cb700000| Untracked |  0
|  36|0x00000000cb800000, 0x00000000cb800000, 0x00000000cb900000|  0%| F|  |TAMS 0x00000000cb800000| PB 0x00000000cb800000| Untracked |  0
|  37|0x00000000cb900000, 0x00000000cb900000, 0x00000000cba00000|  0%| F|  |TAMS 0x00000000cb900000| PB 0x00000000cb900000| Untracked |  0
|  38|0x00000000cba00000, 0x00000000cba00000, 0x00000000cbb00000|  0%| F|  |TAMS 0x00000000cba00000| PB 0x00000000cba00000| Untracked |  0
|  39|0x00000000cbb00000, 0x00000000cbb00000, 0x00000000cbc00000|  0%| F|  |TAMS 0x00000000cbb00000| PB 0x00000000cbb00000| Untracked |  0
|  40|0x00000000cbc00000, 0x00000000cbc00000, 0x00000000cbd00000|  0%| F|  |TAMS 0x00000000cbc00000| PB 0x00000000cbc00000| Untracked |  0
|  47|0x00000000cc300000, 0x00000000cc400000, 0x00000000cc400000|100%| S|CS|TAMS 0x00000000cc300000| PB 0x00000000cc300000| Complete |  0
|  48|0x00000000cc400000, 0x00000000cc500000, 0x00000000cc500000|100%| S|CS|TAMS 0x00000000cc400000| PB 0x00000000cc400000| Complete |  0
|  55|0x00000000ccb00000, 0x00000000ccc00000, 0x00000000ccc00000|100%| E|  |TAMS 0x00000000ccb00000| PB 0x00000000ccb00000| Complete |  0

Card table byte_map: [0x000001992ad30000,0x000001992aef0000] _byte_map_base: 0x000001992a6e6000

Marking Bits: (CMBitMap*) 0x00000199138622c0
 Bits: [0x000001992aef0000, 0x000001992bca0000)

Polling page: 0x0000019912ff0000

Metaspace:

Usage:
  Non-class:     18.64 MB used.
      Class:      2.49 MB used.
       Both:     21.13 MB used.

Virtual space:
  Non-class space:       64.00 MB reserved,      18.81 MB ( 29%) committed,  1 nodes.
      Class space:        1.00 GB reserved,       2.62 MB ( <1%) committed,  1 nodes.
             Both:        1.06 GB reserved,      21.44 MB (  2%) committed. 

Chunk freelists:
   Non-Class:  12.92 MB
       Class:  13.23 MB
        Both:  26.16 MB

MaxMetaspaceSize: unlimited
CompressedClassSpaceSize: 1.00 GB
Initial GC threshold: 21.00 MB
Current GC threshold: 35.12 MB
CDS: on
 - commit_granule_bytes: 65536.
 - commit_granule_words: 8192.
 - virtual_space_node_default_size: 8388608.
 - enlarge_chunks_in_place: 1.
 - use_allocation_guard: 0.


Internal statistics:

num_allocs_failed_limit: 3.
num_arena_births: 136.
num_arena_deaths: 0.
num_vsnodes_births: 2.
num_vsnodes_deaths: 0.
num_space_committed: 343.
num_space_uncommitted: 0.
num_chunks_returned_to_freelist: 3.
num_chunks_taken_from_freelist: 574.
num_chunk_merges: 0.
num_chunk_splits: 395.
num_chunks_enlarged: 304.
num_inconsistent_stats: 0.

CodeHeap 'non-profiled nmethods': size=120000Kb used=1010Kb max_used=1010Kb free=118989Kb
 bounds [0x0000019923640000, 0x00000199238b0000, 0x000001992ab70000]
CodeHeap 'profiled nmethods': size=120000Kb used=5996Kb max_used=5996Kb free=114003Kb
 bounds [0x000001991bb70000, 0x000001991c150000, 0x00000199230a0000]
CodeHeap 'non-nmethods': size=5760Kb used=1530Kb max_used=1539Kb free=4230Kb
 bounds [0x00000199230a0000, 0x0000019923310000, 0x0000019923640000]
 total_blobs=3526 nmethods=2931 adapters=499
 compilation: enabled
              stopped_count=0, restarted_count=0
 full_count=0

Compilation events (20 events):
Event: 6.857 Thread 0x000001996f159360 2898       3       java.lang.invoke.VarHandleByteArrayAsLongs$ArrayHandle::index (13 bytes)
Event: 6.858 Thread 0x000001996f159360 nmethod 2898 0x000001991c135290 code [0x000001991c135420, 0x000001991c135568]
Event: 6.858 Thread 0x000001996f159360 2899       3       jdk.internal.misc.Unsafe::convEndian (16 bytes)
Event: 6.858 Thread 0x000001996f159360 nmethod 2899 0x000001991c135690 code [0x000001991c135840, 0x000001991c1359a8]
Event: 6.858 Thread 0x000001996f159360 2900       3       java.lang.Long::reverseBytes (46 bytes)
Event: 6.858 Thread 0x000001996f159360 nmethod 2900 0x000001991c135a90 code [0x000001991c135c20, 0x000001991c135d78]
Event: 6.866 Thread 0x000001996f159360 2903       3       java.lang.invoke.VarHandleGuards::guard_LI_J (78 bytes)
Event: 6.868 Thread 0x000001996f159360 nmethod 2903 0x000001991c135e10 code [0x000001991c136160, 0x000001991c137b30]
Event: 6.868 Thread 0x000001996f159360 2904       3       java.lang.invoke.VarHandleByteArrayAsLongs$ArrayHandle::get (36 bytes)
Event: 6.868 Thread 0x000001996f159360 nmethod 2904 0x000001991c138310 code [0x000001991c1384e0, 0x000001991c1388d0]
Event: 6.869 Thread 0x000001996f159360 2905       3       jdk.internal.misc.Unsafe::getLongUnaligned (12 bytes)
Event: 6.869 Thread 0x000001996f159360 nmethod 2905 0x000001991c138a90 code [0x000001991c138c40, 0x000001991c138e20]
Event: 6.869 Thread 0x000001996f159360 2907       1       java.security.Provider::getName (5 bytes)
Event: 6.870 Thread 0x000001996f159360 nmethod 2907 0x000001992373b390 code [0x000001992373b520, 0x000001992373b5e8]
Event: 6.883 Thread 0x000001996f159360 2908       3       java.nio.Buffer::remaining (20 bytes)
Event: 6.884 Thread 0x000001996f159360 nmethod 2908 0x000001991c138f10 code [0x000001991c1390a0, 0x000001991c139220]
Event: 6.885 Thread 0x000001996f159360 2909       3       java.util.Collections$UnmodifiableCollection::isEmpty (10 bytes)
Event: 6.885 Thread 0x000001996f159360 nmethod 2909 0x000001991c139290 code [0x000001991c139440, 0x000001991c139618]
Event: 6.886 Thread 0x000001996f159360 2910       3       com.sun.crypto.provider.GHASH::blockMult (245 bytes)
Event: 6.887 Thread 0x000001996f159360 nmethod 2910 0x000001991c139710 code [0x000001991c1398c0, 0x000001991c139cf0]

GC Heap History (6 events):
Event: 2.330 GC heap before
{Heap before GC invocations=0 (full 0):
 garbage-first heap   total reserved 897024K, committed 57344K, used 14336K [0x00000000c9400000, 0x0000000100000000)
  region size 1024K, 14 young (14336K), 0 survivors (0K)
 Metaspace       used 5624K, committed 5824K, reserved 1114112K
  class space    used 612K, committed 704K, reserved 1048576K
}
Event: 2.340 GC heap after
{Heap after GC invocations=1 (full 0):
 garbage-first heap   total reserved 897024K, committed 57344K, used 4832K [0x00000000c9400000, 0x0000000100000000)
  region size 1024K, 2 young (2048K), 2 survivors (2048K)
 Metaspace       used 5624K, committed 5824K, reserved 1114112K
  class space    used 612K, committed 704K, reserved 1048576K
}
Event: 4.186 GC heap before
{Heap before GC invocations=1 (full 0):
 garbage-first heap   total reserved 897024K, committed 57344K, used 22240K [0x00000000c9400000, 0x0000000100000000)
  region size 1024K, 19 young (19456K), 2 survivors (2048K)
 Metaspace       used 12076K, committed 12352K, reserved 1114112K
  class space    used 1477K, committed 1600K, reserved 1048576K
}
Event: 4.199 GC heap after
{Heap after GC invocations=2 (full 0):
 garbage-first heap   total reserved 897024K, committed 57344K, used 6864K [0x00000000c9400000, 0x0000000100000000)
  region size 1024K, 2 young (2048K), 2 survivors (2048K)
 Metaspace       used 12076K, committed 12352K, reserved 1114112K
  class space    used 1477K, committed 1600K, reserved 1048576K
}
Event: 5.675 GC heap before
{Heap before GC invocations=2 (full 0):
 garbage-first heap   total reserved 897024K, committed 57344K, used 38608K [0x00000000c9400000, 0x0000000100000000)
  region size 1024K, 33 young (33792K), 2 survivors (2048K)
 Metaspace       used 16060K, committed 16192K, reserved 1114112K
  class space    used 1857K, committed 1920K, reserved 1048576K
}
Event: 5.694 GC heap after
{Heap after GC invocations=3 (full 0):
 garbage-first heap   total reserved 897024K, committed 57344K, used 10831K [0x00000000c9400000, 0x0000000100000000)
  region size 1024K, 5 young (5120K), 5 survivors (5120K)
 Metaspace       used 16060K, committed 16192K, reserved 1114112K
  class space    used 1857K, committed 1920K, reserved 1048576K
}

Dll operation events (11 events):
Event: 0.058 Loaded shared library C:\Users\repti\.jdks\openjdk-22\bin\java.dll
Event: 0.174 Loaded shared library C:\Users\repti\.jdks\openjdk-22\bin\jsvml.dll
Event: 0.427 Loaded shared library C:\Users\repti\.jdks\openjdk-22\bin\zip.dll
Event: 0.438 Loaded shared library C:\Users\repti\.jdks\openjdk-22\bin\instrument.dll
Event: 0.455 Loaded shared library C:\Users\repti\.jdks\openjdk-22\bin\net.dll
Event: 0.459 Loaded shared library C:\Users\repti\.jdks\openjdk-22\bin\nio.dll
Event: 0.526 Loaded shared library C:\Users\repti\.jdks\openjdk-22\bin\zip.dll
Event: 0.769 Loaded shared library C:\Program Files\JetBrains\IntelliJ IDEA 2024.2.3\bin\breakgen64.dll
Event: 0.926 Loaded shared library C:\Users\repti\.jdks\openjdk-22\bin\extnet.dll
Event: 0.927 Loaded shared library C:\Users\repti\.jdks\openjdk-22\bin\jimage.dll
Event: 6.321 Loaded shared library C:\Users\repti\.jdks\openjdk-22\bin\sunmscapi.dll

Deoptimization events (20 events):
Event: 6.092 Thread 0x00000199116571d0 Uncommon trap: trap_request=0xffffff45 fr.pc=0x0000019923701a6c relative=0x00000000000000cc
Event: 6.092 Thread 0x00000199116571d0 Uncommon trap: reason=unstable_if action=reinterpret pc=0x0000019923701a6c method=java.lang.ref.SoftReference.get()Ljava/lang/Object; @ 6 c2
Event: 6.092 Thread 0x00000199116571d0 DEOPT PACKING pc=0x0000019923701a6c sp=0x000000234f3fc010
Event: 6.092 Thread 0x00000199116571d0 DEOPT UNPACKING pc=0x00000199230f46a2 sp=0x000000234f3fbfc8 mode 2
Event: 6.142 Thread 0x00000199116571d0 Uncommon trap: trap_request=0xffffff45 fr.pc=0x0000019923713ecc relative=0x000000000000030c
Event: 6.142 Thread 0x00000199116571d0 Uncommon trap: reason=unstable_if action=reinterpret pc=0x0000019923713ecc method=java.lang.CharacterDataLatin1.equalsIgnoreCase(BB)Z @ 54 c2
Event: 6.143 Thread 0x00000199116571d0 DEOPT PACKING pc=0x0000019923713ecc sp=0x000000234f3fa400
Event: 6.143 Thread 0x00000199116571d0 DEOPT UNPACKING pc=0x00000199230f46a2 sp=0x000000234f3fa258 mode 2
Event: 6.143 Thread 0x00000199116571d0 Uncommon trap: trap_request=0xffffff45 fr.pc=0x00000199237138b8 relative=0x0000000000000198
Event: 6.143 Thread 0x00000199116571d0 Uncommon trap: reason=unstable_if action=reinterpret pc=0x00000199237138b8 method=java.lang.CharacterDataLatin1.equalsIgnoreCase(BB)Z @ 54 c2
Event: 6.143 Thread 0x00000199116571d0 DEOPT PACKING pc=0x00000199237138b8 sp=0x000000234f3fa2b0
Event: 6.143 Thread 0x00000199116571d0 DEOPT UNPACKING pc=0x00000199230f46a2 sp=0x000000234f3fa1d0 mode 2
Event: 6.372 Thread 0x00000199116571d0 Uncommon trap: trap_request=0xffffff45 fr.pc=0x00000199236516b0 relative=0x0000000000000190
Event: 6.372 Thread 0x00000199116571d0 Uncommon trap: reason=unstable_if action=reinterpret pc=0x00000199236516b0 method=jdk.internal.util.ArraysSupport.vectorizedHashCode(Ljava/lang/Object;IIII)I @ 2 c2
Event: 6.372 Thread 0x00000199116571d0 DEOPT PACKING pc=0x00000199236516b0 sp=0x000000234f3fb950
Event: 6.372 Thread 0x00000199116571d0 DEOPT UNPACKING pc=0x00000199230f46a2 sp=0x000000234f3fb900 mode 2
Event: 6.871 Thread 0x00000199116571d0 Uncommon trap: trap_request=0xffffff45 fr.pc=0x000001992370f8b4 relative=0x0000000000000194
Event: 6.871 Thread 0x00000199116571d0 Uncommon trap: reason=unstable_if action=reinterpret pc=0x000001992370f8b4 method=java.util.concurrent.locks.ReentrantLock$NonfairSync.initialTryLock()Z @ 25 c2
Event: 6.871 Thread 0x00000199116571d0 DEOPT PACKING pc=0x000001992370f8b4 sp=0x000000234f3fd8f0
Event: 6.871 Thread 0x00000199116571d0 DEOPT UNPACKING pc=0x00000199230f46a2 sp=0x000000234f3fd7d8 mode 2

Classes loaded (20 events):
Event: 6.890 Loading class sun/security/ssl/CertificateMessage$T13CertificateMessage done
Event: 6.891 Loading class sun/security/ssl/CertificateMessage$CertificateEntry
Event: 6.891 Loading class sun/security/ssl/CertificateMessage$CertificateEntry done
Event: 6.891 Loading class java/security/cert/X509Certificate
Event: 6.891 Loading class java/security/cert/X509Extension
Event: 6.891 Loading class java/security/cert/X509Extension done
Event: 6.891 Loading class java/security/cert/X509Certificate done
Event: 6.892 Loading class java/security/cert/CertificateFactory
Event: 6.895 Loading class java/security/cert/CertificateFactory done
Event: 6.895 Loading class java/security/cert/CertificateFactorySpi
Event: 6.895 Loading class java/security/cert/CertificateFactorySpi done
Event: 6.895 Loading class sun/security/provider/X509Factory
Event: 6.896 Loading class sun/security/provider/X509Factory done
Event: 6.897 Loading class sun/security/util/Cache$EqualByteArray
Event: 6.897 Loading class sun/security/util/Cache$EqualByteArray done
Event: 6.897 Loading class sun/security/x509/X509CertImpl
Event: 6.898 Loading class sun/security/x509/X509CertImpl done
Event: 6.898 Loading class sun/security/x509/X509CertInfo
Event: 6.899 Loading class sun/security/x509/X509CertInfo done
Event: 6.899 Loading class sun/security/x509/CertificateVersion

Classes unloaded (0 events):
No events

Classes redefined (0 events):
No events

Internal exceptions (20 events):
Event: 0.709 Thread 0x00000199116571d0 Exception <a 'java/lang/NoSuchMethodError'{0x00000000cc8c3330}: 'java.lang.Object java.lang.invoke.Invokers$Holder.invokeExact_MT(java.lang.Object, java.lang.Object, java.lang.Object, java.lang.Object, java.lang.Object)'> (0x00000000cc8c3330) 
thrown [s\open\src\hotspot\share\interpreter\linkResolver.cpp, line 774]
Event: 0.932 Thread 0x000001996f3452d0 Exception <a 'java/lang/NoSuchMethodError'{0x00000000cc728b70}: 'void java.lang.invoke.DirectMethodHandle$Holder.invokeStatic(java.lang.Object, java.lang.Object)'> (0x00000000cc728b70) 
thrown [s\open\src\hotspot\share\interpreter\linkResolver.cpp, line 774]
Event: 1.026 Thread 0x00000199116571d0 Exception <a 'java/lang/NoSuchMethodError'{0x00000000cc6a50c0}: 'java.lang.ClassLoader java.lang.Class.getClassLoader(java.lang.Class)'> (0x00000000cc6a50c0) 
thrown [s\open\src\hotspot\share\interpreter\linkResolver.cpp, line 774]
Event: 1.034 Thread 0x00000199116571d0 Exception <a 'java/lang/NoSuchMethodError'{0x00000000cc6ad0f0}: 'java.lang.Object java.lang.invoke.DirectMethodHandle$Holder.invokeStatic(java.lang.Object, java.lang.Object, int)'> (0x00000000cc6ad0f0) 
thrown [s\open\src\hotspot\share\interpreter\linkResolver.cpp, line 774]
Event: 1.038 Thread 0x00000199116571d0 Exception <a 'java/lang/NoSuchMethodError'{0x00000000cc6b8988}: 'void java.lang.invoke.DelegatingMethodHandle$Holder.delegate(java.lang.Object, java.lang.Object, int, java.lang.Object)'> (0x00000000cc6b8988) 
thrown [s\open\src\hotspot\share\interpreter\linkResolver.cpp, line 774]
Event: 1.039 Thread 0x00000199116571d0 Exception <a 'java/lang/NoSuchMethodError'{0x00000000cc6bc718}: 'int java.lang.invoke.DirectMethodHandle$Holder.invokeSpecial(java.lang.Object, java.lang.Object, java.lang.Object)'> (0x00000000cc6bc718) 
thrown [s\open\src\hotspot\share\interpreter\linkResolver.cpp, line 774]
Event: 1.600 Thread 0x00000199116571d0 Exception <a 'java/lang/NoSuchMethodError'{0x00000000cc2264a0}: 'java.lang.Object java.lang.invoke.DirectMethodHandle$Holder.invokeStatic(java.lang.Object, int, java.lang.Object)'> (0x00000000cc2264a0) 
thrown [s\open\src\hotspot\share\interpreter\linkResolver.cpp, line 774]
Event: 1.968 Thread 0x00000199116571d0 Exception <a 'java/lang/NoSuchMethodError'{0x00000000cc006a70}: 'java.lang.Object java.lang.invoke.DirectMethodHandle$Holder.invokeInterface(java.lang.Object, java.lang.Object)'> (0x00000000cc006a70) 
thrown [s\open\src\hotspot\share\interpreter\linkResolver.cpp, line 774]
Event: 2.268 Thread 0x00000199116571d0 Exception <a 'java/lang/NullPointerException'{0x00000000cbe5d720}> (0x00000000cbe5d720) 
thrown [s\open\src\hotspot\share\interpreter\linkResolver.cpp, line 1458]
Event: 3.118 Thread 0x00000199116571d0 Exception <a 'java/lang/ClassNotFoundException'{0x00000000cc63ffe0}: com/sun/org/apache/xerces/internal/impl/xpath/regex/spi/messageProvider> (0x00000000cc63ffe0) 
thrown [s\open\src\hotspot\share\classfile\systemDictionary.cpp, line 313]
Event: 3.278 Thread 0x00000199116571d0 Exception <a 'java/lang/NoSuchMethodError'{0x00000000cc6c5838}: 'void java.lang.invoke.Invokers$Holder.invokeExact_MT(java.lang.Object, java.lang.Object, java.lang.Object, java.lang.Object)'> (0x00000000cc6c5838) 
thrown [s\open\src\hotspot\share\interpreter\linkResolver.cpp, line 774]
Event: 3.376 Thread 0x00000199116571d0 Exception <a 'java/lang/NoSuchMethodError'{0x00000000cc5afc10}: 'void java.lang.invoke.DirectMethodHandle$Holder.invokeSpecial(java.lang.Object, java.lang.Object, java.lang.Object)'> (0x00000000cc5afc10) 
thrown [s\open\src\hotspot\share\interpreter\linkResolver.cpp, line 774]
Event: 3.656 Thread 0x00000199116571d0 Exception <a 'java/lang/NoSuchMethodError'{0x00000000cc3d1aa8}: 'java.lang.Object java.lang.invoke.DirectMethodHandle$Holder.invokeStaticInit(java.lang.Object, int, int, int, int)'> (0x00000000cc3d1aa8) 
thrown [s\open\src\hotspot\share\interpreter\linkResolver.cpp, line 774]
Event: 3.702 Thread 0x00000199116571d0 Exception <a 'java/lang/NoSuchMethodError'{0x00000000cc2109b0}: 'java.lang.Object java.lang.invoke.DirectMethodHandle$Holder.invokeStaticInit(java.lang.Object, java.lang.Object, int, int, int, int)'> (0x00000000cc2109b0) 
thrown [s\open\src\hotspot\share\interpreter\linkResolver.cpp, line 774]
Event: 3.979 Thread 0x00000199116571d0 Exception <a 'java/lang/NoSuchMethodError'{0x00000000cbf1d120}: 'java.lang.Object java.lang.invoke.Invokers$Holder.invokeExact_MT(java.lang.Object, java.lang.Object, java.lang.Object, java.lang.Object, java.lang.Object, java.lang.Object)'> (0x00000000cbf1d120) 
thrown [s\open\src\hotspot\share\interpreter\linkResolver.cpp, line 774]
Event: 5.310 Thread 0x00000199116571d0 Exception <a 'java/lang/NoSuchMethodError'{0x00000000cb1fdc90}: 'int java.lang.invoke.DirectMethodHandle$Holder.invokeVirtual(java.lang.Object, java.lang.Object)'> (0x00000000cb1fdc90) 
thrown [s\open\src\hotspot\share\interpreter\linkResolver.cpp, line 774]
Event: 5.536 Thread 0x00000199116571d0 Exception <a 'java/lang/NoSuchMethodError'{0x00000000cad47430}: 'java.lang.Object java.lang.invoke.DirectMethodHandle$Holder.invokeVirtual(java.lang.Object, java.lang.Object, java.lang.Object)'> (0x00000000cad47430) 
thrown [s\open\src\hotspot\share\interpreter\linkResolver.cpp, line 774]
Event: 5.997 Thread 0x00000199116571d0 Exception <a 'java/lang/NoSuchMethodError'{0x00000000cc844f20}: 'void java.lang.invoke.DirectMethodHandle$Holder.invokeStaticInit(java.lang.Object, java.lang.Object)'> (0x00000000cc844f20) 
thrown [s\open\src\hotspot\share\interpreter\linkResolver.cpp, line 774]
Event: 6.122 Thread 0x00000199116571d0 Exception <a 'sun/nio/fs/WindowsException'{0x00000000cc72c958}> (0x00000000cc72c958) 
thrown [s\open\src\hotspot\share\prims\jni.cpp, line 520]
Event: 6.847 Thread 0x00000199116571d0 Exception <a 'java/lang/NoSuchMethodError'{0x00000000cc53d9b0}: 'void java.lang.invoke.DirectMethodHandle$Holder.invokeVirtual(java.lang.Object, java.lang.Object)'> (0x00000000cc53d9b0) 
thrown [s\open\src\hotspot\share\interpreter\linkResolver.cpp, line 774]

ZGC Phase Switch (0 events):
No events

VM Operations (20 events):
Event: 4.186 Executing VM operation: G1CollectForAllocation (G1 Evacuation Pause)
Event: 4.199 Executing VM operation: G1CollectForAllocation (G1 Evacuation Pause) done
Event: 4.921 Executing VM operation: ICBufferFull
Event: 4.921 Executing VM operation: ICBufferFull done
Event: 5.437 Executing VM operation: HandshakeAllThreads (Deoptimize)
Event: 5.437 Executing VM operation: HandshakeAllThreads (Deoptimize) done
Event: 5.438 Executing VM operation: HandshakeAllThreads (Deoptimize)
Event: 5.438 Executing VM operation: HandshakeAllThreads (Deoptimize) done
Event: 5.675 Executing VM operation: G1CollectForAllocation (G1 Evacuation Pause)
Event: 5.694 Executing VM operation: G1CollectForAllocation (G1 Evacuation Pause) done
Event: 5.911 Executing VM operation: HandshakeAllThreads (Deoptimize)
Event: 5.911 Executing VM operation: HandshakeAllThreads (Deoptimize) done
Event: 6.071 Executing VM operation: HandshakeAllThreads (Deoptimize)
Event: 6.071 Executing VM operation: HandshakeAllThreads (Deoptimize) done
Event: 6.152 Executing VM operation: HandshakeAllThreads (Deoptimize)
Event: 6.152 Executing VM operation: HandshakeAllThreads (Deoptimize) done
Event: 6.892 Executing VM operation: HandshakeAllThreads (Deoptimize)
Event: 6.892 Executing VM operation: HandshakeAllThreads (Deoptimize) done
Event: 6.892 Executing VM operation: Cleanup
Event: 6.892 Executing VM operation: Cleanup done

Events (13 events):
Event: 0.121 Thread 0x00000199116571d0 Thread added: 0x00000199116571d0
Event: 0.164 Thread 0x000001996f146b80 Thread added: 0x000001996f146b80
Event: 0.165 Thread 0x000001996f1479a0 Thread added: 0x000001996f1479a0
Event: 0.165 Thread 0x000001996f14d340 Thread added: 0x000001996f14d340
Event: 0.166 Thread 0x000001996f14dda0 Thread added: 0x000001996f14dda0
Event: 0.166 Thread 0x000001996f14f810 Thread added: 0x000001996f14f810
Event: 0.166 Thread 0x000001996f154290 Thread added: 0x000001996f154290
Event: 0.166 Thread 0x000001996f155020 Thread added: 0x000001996f155020
Event: 0.168 Thread 0x000001996f159360 Thread added: 0x000001996f159360
Event: 0.370 Thread 0x000001996f343890 Thread added: 0x000001996f343890
Event: 0.774 Thread 0x000001996f3452d0 Thread added: 0x000001996f3452d0
Event: 0.774 Thread 0x000001996f345960 Thread added: 0x000001996f345960
Event: 5.439 Thread 0x000001996f3424e0 Thread added: 0x000001996f3424e0


Dynamic libraries:
0x00007ff795f90000 - 0x00007ff795f9e000 	C:\Users\repti\.jdks\openjdk-22\bin\java.exe
0x00007ffe325d0000 - 0x00007ffe327e7000 	C:\WINDOWS\SYSTEM32\ntdll.dll
0x00007ffe31530000 - 0x00007ffe315f4000 	C:\WINDOWS\System32\KERNEL32.DLL
0x00007ffe2f880000 - 0x00007ffe2fc50000 	C:\WINDOWS\System32\KERNELBASE.dll
0x00007ffe30080000 - 0x00007ffe30191000 	C:\WINDOWS\System32\ucrtbase.dll
0x00007ffe17730000 - 0x00007ffe1774b000 	C:\Users\repti\.jdks\openjdk-22\bin\VCRUNTIME140.dll
0x00007ffe17750000 - 0x00007ffe17767000 	C:\Users\repti\.jdks\openjdk-22\bin\jli.dll
0x00007ffe302c0000 - 0x00007ffe3046e000 	C:\WINDOWS\System32\USER32.dll
0x00007ffe30020000 - 0x00007ffe30046000 	C:\WINDOWS\System32\win32u.dll
0x00007ffe31500000 - 0x00007ffe31529000 	C:\WINDOWS\System32\GDI32.dll
0x00007ffe301a0000 - 0x00007ffe302bb000 	C:\WINDOWS\System32\gdi32full.dll
0x00007ffe2fc50000 - 0x00007ffe2fcea000 	C:\WINDOWS\System32\msvcp_win.dll
0x00007ffe17f40000 - 0x00007ffe181d2000 	C:\WINDOWS\WinSxS\amd64_microsoft.windows.common-controls_6595b64144ccf1df_6.0.22621.4830_none_270fe7d773858e80\COMCTL32.dll
0x00007ffe324e0000 - 0x00007ffe32587000 	C:\WINDOWS\System32\msvcrt.dll
0x00007ffe324a0000 - 0x00007ffe324d1000 	C:\WINDOWS\System32\IMM32.DLL
0x00007ffe1b770000 - 0x00007ffe1b77c000 	C:\Users\repti\.jdks\openjdk-22\bin\vcruntime140_1.dll
0x00007ffe062f0000 - 0x00007ffe0637e000 	C:\Users\repti\.jdks\openjdk-22\bin\msvcp140.dll
0x00007ffdda1a0000 - 0x00007ffddaee8000 	C:\Users\repti\.jdks\openjdk-22\bin\server\jvm.dll
0x00007ffe31650000 - 0x00007ffe31701000 	C:\WINDOWS\System32\ADVAPI32.dll
0x00007ffe311a0000 - 0x00007ffe31247000 	C:\WINDOWS\System32\sechost.dll
0x00007ffe30050000 - 0x00007ffe30078000 	C:\WINDOWS\System32\bcrypt.dll
0x00007ffe320b0000 - 0x00007ffe321c4000 	C:\WINDOWS\System32\RPCRT4.dll
0x00007ffe32420000 - 0x00007ffe32491000 	C:\WINDOWS\System32\WS2_32.dll
0x00007ffe256e0000 - 0x00007ffe256ea000 	C:\WINDOWS\SYSTEM32\VERSION.dll
0x00007ffe2f750000 - 0x00007ffe2f79d000 	C:\WINDOWS\SYSTEM32\POWRPROF.dll
0x00007ffe2a970000 - 0x00007ffe2a9a4000 	C:\WINDOWS\SYSTEM32\WINMM.dll
0x00007ffe2f730000 - 0x00007ffe2f743000 	C:\WINDOWS\SYSTEM32\UMPDC.dll
0x00007ffe2e890000 - 0x00007ffe2e8a8000 	C:\WINDOWS\SYSTEM32\kernel.appcore.dll
0x00007ffe1b740000 - 0x00007ffe1b74a000 	C:\Users\repti\.jdks\openjdk-22\bin\jimage.dll
0x00007ffe26dc0000 - 0x00007ffe26ff2000 	C:\WINDOWS\SYSTEM32\DBGHELP.DLL
0x00007ffe30590000 - 0x00007ffe30920000 	C:\WINDOWS\System32\combase.dll
0x00007ffe31f70000 - 0x00007ffe32047000 	C:\WINDOWS\System32\OLEAUT32.dll
0x00007ffe11140000 - 0x00007ffe11172000 	C:\WINDOWS\SYSTEM32\dbgcore.DLL
0x00007ffe2fcf0000 - 0x00007ffe2fd6b000 	C:\WINDOWS\System32\bcryptPrimitives.dll
0x00007ffe1b760000 - 0x00007ffe1b76f000 	C:\Users\repti\.jdks\openjdk-22\bin\instrument.dll
0x00007ffe17710000 - 0x00007ffe1772e000 	C:\Users\repti\.jdks\openjdk-22\bin\java.dll
0x00007ffe30920000 - 0x00007ffe31198000 	C:\WINDOWS\System32\SHELL32.dll
0x00007ffe31870000 - 0x00007ffe31a11000 	C:\WINDOWS\System32\ole32.dll
0x00007ffe2d780000 - 0x00007ffe2e090000 	C:\WINDOWS\SYSTEM32\windows.storage.dll
0x00007ffe2d640000 - 0x00007ffe2d77f000 	C:\WINDOWS\SYSTEM32\wintypes.dll
0x00007ffe30480000 - 0x00007ffe3058a000 	C:\WINDOWS\System32\SHCORE.dll
0x00007ffe32050000 - 0x00007ffe320ae000 	C:\WINDOWS\System32\shlwapi.dll
0x00007ffe2f7b0000 - 0x00007ffe2f7db000 	C:\WINDOWS\SYSTEM32\profapi.dll
0x00007ffdfeac0000 - 0x00007ffdfeb97000 	C:\Users\repti\.jdks\openjdk-22\bin\jsvml.dll
0x00007ffe12680000 - 0x00007ffe12697000 	C:\Users\repti\.jdks\openjdk-22\bin\zip.dll
0x00007ffe17cf0000 - 0x00007ffe17d00000 	C:\Users\repti\.jdks\openjdk-22\bin\net.dll
0x00007ffe2ed20000 - 0x00007ffe2ed8a000 	C:\WINDOWS\system32\mswsock.dll
0x00007ffe15fb0000 - 0x00007ffe15fc6000 	C:\Users\repti\.jdks\openjdk-22\bin\nio.dll
0x00007ffe19500000 - 0x00007ffe1951a000 	C:\Program Files\JetBrains\IntelliJ IDEA 2024.2.3\bin\breakgen64.dll
0x00007ffe17cd0000 - 0x00007ffe17cd9000 	C:\Users\repti\.jdks\openjdk-22\bin\extnet.dll
0x00007ffe2efa0000 - 0x00007ffe2efbb000 	C:\WINDOWS\SYSTEM32\CRYPTSP.dll
0x00007ffe2e7f0000 - 0x00007ffe2e825000 	C:\WINDOWS\system32\rsaenh.dll
0x00007ffe2ee30000 - 0x00007ffe2ee58000 	C:\WINDOWS\SYSTEM32\USERENV.dll
0x00007ffe2ef90000 - 0x00007ffe2ef9c000 	C:\WINDOWS\SYSTEM32\CRYPTBASE.dll
0x00007ffe2e2f0000 - 0x00007ffe2e31d000 	C:\WINDOWS\SYSTEM32\IPHLPAPI.DLL
0x00007ffe30470000 - 0x00007ffe30479000 	C:\WINDOWS\System32\NSI.dll
0x00007ffe2e320000 - 0x00007ffe2e422000 	C:\WINDOWS\SYSTEM32\DNSAPI.dll
0x00007ffe2ae20000 - 0x00007ffe2ae2a000 	C:\Windows\System32\rasadhlp.dll
0x00007ffe27fa0000 - 0x00007ffe28023000 	C:\WINDOWS\System32\fwpuclnt.dll
0x00007ffe09470000 - 0x00007ffe0947e000 	C:\Users\repti\.jdks\openjdk-22\bin\sunmscapi.dll
0x00007ffe2fdf0000 - 0x00007ffe2ff56000 	C:\WINDOWS\System32\CRYPT32.dll
0x00007ffe2f130000 - 0x00007ffe2f15d000 	C:\WINDOWS\SYSTEM32\ncrypt.dll
0x00007ffe2f0f0000 - 0x00007ffe2f127000 	C:\WINDOWS\SYSTEM32\NTASN1.dll

dbghelp: loaded successfully - version: 4.0.5 - missing functions: none
symbol engine: initialized successfully - sym options: 0x614 - pdb path: .;C:\Users\repti\.jdks\openjdk-22\bin;C:\WINDOWS\SYSTEM32;C:\WINDOWS\WinSxS\amd64_microsoft.windows.common-controls_6595b64144ccf1df_6.0.22621.4830_none_270fe7d773858e80;C:\Users\repti\.jdks\openjdk-22\bin\server;C:\Program Files\JetBrains\IntelliJ IDEA 2024.2.3\bin

VM Arguments:
jvm_args: -javaagent:C:\Program Files\JetBrains\IntelliJ IDEA 2024.2.3\lib\idea_rt.jar=65219:C:\Program Files\JetBrains\IntelliJ IDEA 2024.2.3\bin -Dfile.encoding=UTF-8 -Dsun.stdout.encoding=UTF-8 -Dsun.stderr.encoding=UTF-8 
java_command: org.example.App
java_class_path (initial): C:\Users\repti\IdeaProjects\LEGOCollection\target\classes;C:\Users\repti\.m2\repository\org\hibernate\orm\hibernate-core\6.6.1.Final\hibernate-core-6.6.1.Final.jar;C:\Users\repti\.m2\repository\jakarta\persistence\jakarta.persistence-api\3.1.0\jakarta.persistence-api-3.1.0.jar;C:\Users\repti\.m2\repository\jakarta\transaction\jakarta.transaction-api\2.0.1\jakarta.transaction-api-2.0.1.jar;C:\Users\repti\.m2\repository\org\jboss\logging\jboss-logging\3.5.0.Final\jboss-logging-3.5.0.Final.jar;C:\Users\repti\.m2\repository\org\hibernate\common\hibernate-commons-annotations\7.0.1.Final\hibernate-commons-annotations-7.0.1.Final.jar;C:\Users\repti\.m2\repository\io\smallrye\jandex\3.2.0\jandex-3.2.0.jar;C:\Users\repti\.m2\repository\com\fasterxml\classmate\1.5.1\classmate-1.5.1.jar;C:\Users\repti\.m2\repository\net\bytebuddy\byte-buddy\1.14.18\byte-buddy-1.14.18.jar;C:\Users\repti\.m2\repository\jakarta\xml\bind\jakarta.xml.bind-api\4.0.0\jakarta.xml.bind-api-4.0.0.jar;C:\Users\repti\.m2\repository\jakarta\activation\jakarta.activation-api\2.1.0\jakarta.activation-api-2.1.0.jar;C:\Users\repti\.m2\repository\org\glassfish\jaxb\jaxb-runtime\4.0.2\jaxb-runtime-4.0.2.jar;C:\Users\repti\.m2\repository\org\glassfish\jaxb\jaxb-core\4.0.2\jaxb-core-4.0.2.jar;C:\Users\repti\.m2\repository\org\eclipse\angus\angus-activation\2.0.0\angus-activation-2.0.0.jar;C:\Users\repti\.m2\repository\org\glassfish\jaxb\txw2\4.0.2\txw2-4.0.2.jar;C:\Users\repti\.m2\repository\com\sun\istack\istack-commons-runtime\4.1.1\istack-commons-runtime-4.1.1.jar;C:\Users\repti\.m2\repository\jakarta\inject\jakarta.inject-api\2.0.1\jakarta.inject-api-2.0.1.jar;C:\Users\repti\.m2\repository\org\antlr\antlr4-runtime\4.13.0\antlr4-runtime-4.13.0.jar;C:\Users\repti\.m2\repository\com\mysql\mysql-connector-j\8.0.33\mysql-connector-j-8.0.33.jar;C:\Users\repti\.m2\repository\com\google\protobuf\protobuf-java\3.21.9\protobuf-java-3.21.9.jar
Launcher Type: SUN_STANDARD

[Global flags]
     intx CICompilerCount                          = 3                                         {product} {ergonomic}
     uint ConcGCThreads                            = 1                                         {product} {ergonomic}
     uint G1ConcRefinementThreads                  = 4                                         {product} {ergonomic}
   size_t G1HeapRegionSize                         = 1048576                                   {product} {ergonomic}
   size_t InitialHeapSize                          = 58720256                                  {product} {ergonomic}
   size_t MarkStackSize                            = 4194304                                   {product} {ergonomic}
   size_t MaxHeapSize                              = 918552576                                 {product} {ergonomic}
   size_t MaxNewSize                               = 550502400                                 {product} {ergonomic}
   size_t MinHeapDeltaBytes                        = 1048576                                   {product} {ergonomic}
   size_t MinHeapSize                              = 8388608                                   {product} {ergonomic}
    uintx NonNMethodCodeHeapSize                   = 5832780                                {pd product} {ergonomic}
    uintx NonProfiledCodeHeapSize                  = 122912730                              {pd product} {ergonomic}
    uintx ProfiledCodeHeapSize                     = 122912730                              {pd product} {ergonomic}
    uintx ReservedCodeCacheSize                    = 251658240                              {pd product} {ergonomic}
     bool SegmentedCodeCache                       = true                                      {product} {ergonomic}
   size_t SoftMaxHeapSize                          = 918552576                              {manageable} {ergonomic}
     bool UseCompressedOops                        = true                           {product lp64_product} {ergonomic}
     bool UseG1GC                                  = true                                      {product} {ergonomic}
     bool UseLargePagesIndividualAllocation        = false                                  {pd product} {ergonomic}

Logging:
Log output configuration:
 #0: stdout all=warning uptime,level,tags foldmultilines=false
 #1: stderr all=off uptime,level,tags foldmultilines=false

Environment Variables:
JAVA_HOME=C:\Users\repti\.jdks\openjdk-22
PATH=C:\Program Files\Common Files\Oracle\Java\javapath;C:\Program Files (x86)\Common Files\Oracle\Java\javapath;C:\WINDOWS\system32;C:\WINDOWS;C:\WINDOWS\System32\Wbem;C:\WINDOWS\System32\WindowsPowerShell\v1.0\;C:\WINDOWS\System32\OpenSSH\;C:\Program Files\Microsoft SQL Server\Client SDK\ODBC\170\Tools\Binn\;C:\Program Files\dotnet\;C:\Program Files (x86)\Microsoft SQL Server\160\Tools\Binn\;C:\Program Files\Microsoft SQL Server\160\Tools\Binn\;C:\Program Files\Microsoft SQL Server\160\DTS\Binn\;C:\Program Files\Git\cmd;C:\Program Files\Maven\apache-maven-3.9.9-bin\apache-maven-3.9.9\bin;;C:\Program Files\Docker\Docker\resources\bin;C:\Program Files\Common Files\Oracle\Java\javapath;C:\Program Files (x86)\Common Files\Oracle\Java\javapath;C:\Program Files\Oculus\Support\oculus-runtime;C:\WINDOWS\system32;C:\WINDOWS;C:\WINDOWS\System32\Wbem;C:\WINDOWS\System32\WindowsPowerShell\v1.0\;C:\WINDOWS\System32\OpenSSH\;C:\Program Files\Microsoft SQL Server\Client SDK\ODBC\170\Tools\Binn\;C:\Program Files\dotnet\;C:\Program Files (x86)\Microsoft SQL Server\160\Tools\Binn\;C:\Program Files\Microsoft SQL Server\160\Tools\Binn\;C:\Program Files\Microsoft SQL Server\160\DTS\Binn\;C:\Program Files\Git\cmd;C:\Users\repti\AppData\Local\Microsoft\WindowsApps;C:\Program Files\Lua;C:\Users\repti\AppData\Local\GitHubDesktop\bin;C:\Users\repti\.dotnet\tools;C:\Users\repti\AppData\Local\Programs\Microsoft VS Code\bin;C:\Users\repti\AppData\Local\Programs\Azure Data Studio\bin;C:\Users\jetbrains\AppData\Roaming\Python\Scripts;C:\Users\repti\AppData\Roaming\Python\Scripts;C:\Users\repti\AppData\Local\Programs\mongosh\
USERNAME=repti
OS=Windows_NT
PROCESSOR_IDENTIFIER=AMD64 Family 23 Model 24 Stepping 1, AuthenticAMD
TMP=C:\Users\repti\AppData\Local\Temp
TEMP=C:\Users\repti\AppData\Local\Temp




Periodic native trim disabled

---------------  S Y S T E M  ---------------

OS:
 Windows 11 , 64 bit Build 22621 (10.0.22621.4830)
OS uptime: 6 days 6:22 hours
Hyper-V role detected

CPU: total 4 (initial active 4) (4 cores per cpu, 2 threads per core) family 23 model 24 stepping 1 microcode 0x0, cx8, cmov, fxsr, ht, mmx, 3dnowpref, sse, sse2, sse3, ssse3, sse4a, sse4.1, sse4.2, popcnt, lzcnt, tsc, tscinvbit, avx, avx2, aes, clmul, bmi1, bmi2, adx, sha, fma, vzeroupper, clflush, clflushopt, hv, rdtscp, f16c
Processor Information for all 4 processors :
  Max Mhz: 2400, Current Mhz: 2400, Mhz Limit: 2400

Memory: 4k page, system-wide physical 3503M (259M free)
TotalPageFile size 14255M (AvailPageFile size 17M)
current process WorkingSet (physical memory assigned to process): 123M, peak: 134M
current process commit charge ("private bytes"): 160M, peak: 173M

vm_info: OpenJDK 64-Bit Server VM (22+36-2370) for windows-amd64 JRE (22+36-2370), built on 2024-02-15T22:15:19Z by "mach5one" with MS VC++ 17.6 (VS2022)

END.
