#
# There is insufficient memory for the Java Runtime Environment to continue.
# Native memory allocation (malloc) failed to allocate 1176176 bytes. Error detail: Chunk::new
# Possible reasons:
#   The system is out of physical RAM or swap space
#   This process is running with CompressedOops enabled, and the Java Heap may be blocking the growth of the native heap
# Possible solutions:
#   Reduce memory load on the system
#   Increase physical memory or swap space
#   Check if swap backing store is full
#   Decrease Java heap size (-Xmx/-Xms)
#   Decrease number of Java threads
#   Decrease Java thread stack sizes (-Xss)
#   Set larger code cache with -XX:ReservedCodeCacheSize=
#   JVM is running with Unscaled Compressed Oops mode in which the Java heap is
#     placed in the first 4GB address space. The Java Heap base address is the
#     maximum limit for the native heap growth. Please use -XX:HeapBaseMinAddress
#     to set the Java Heap base and to place the Java Heap above 4GB virtual address.
# This output file may be truncated or incomplete.
#
#  Out of Memory Error (arena.cpp:150), pid=3656, tid=2256
#
# JRE version: OpenJDK Runtime Environment (22.0+36) (build 22+36-2370)
# Java VM: OpenJDK 64-Bit Server VM (22+36-2370, mixed mode, sharing, tiered, compressed oops, compressed class ptrs, g1 gc, windows-amd64)
# No core dump will be written. Minidumps are not enabled by default on client versions of Windows
#

---------------  S U M M A R Y ------------

Command Line: -ea -Didea.test.cyclic.buffer.size=1048576 -javaagent:C:\Program Files\JetBrains\IntelliJ IDEA 2024.2.3\lib\idea_rt.jar=65100:C:\Program Files\JetBrains\IntelliJ IDEA 2024.2.3\bin -Dfile.encoding=UTF-8 -Dsun.stdout.encoding=UTF-8 -Dsun.stderr.encoding=UTF-8 com.intellij.rt.junit.JUnitStarter -ideVersion5 -junit5 org.example.AppTest

Host: AMD Athlon Gold 3150U with Radeon Graphics     , 4 cores, 3G,  Windows 11 , 64 bit Build 22621 (10.0.22621.4830)
Time: Fri Feb 21 19:08:57 2025 Eastern Standard Time elapsed time: 11.774130 seconds (0d 0h 0m 11s)

---------------  T H R E A D  ---------------

Current thread (0x0000020338c23840):  JavaThread "C2 CompilerThread0" daemon [_thread_in_native, id=2256, stack(0x0000002f42200000,0x0000002f42300000) (1024K)]


Current CompileTask:
C2:11774 3500       4       jdk.internal.org.objectweb.asm.SymbolTable::addConstantMemberReference (147 bytes)

Stack: [0x0000002f42200000,0x0000002f42300000]
Native frames: (J=compiled Java code, j=interpreted, Vv=VM code, C=native code)
V  [jvm.dll+0x6e2349]  (no source info available)
V  [jvm.dll+0x874ed3]  (no source info available)
V  [jvm.dll+0x8772fe]  (no source info available)
V  [jvm.dll+0x8779d3]  (no source info available)
V  [jvm.dll+0x27fcb6]  (no source info available)
V  [jvm.dll+0xc3d0f]  (no source info available)
V  [jvm.dll+0xc3f6b]  (no source info available)
V  [jvm.dll+0x3bb022]  (no source info available)
V  [jvm.dll+0x387abb]  (no source info available)
V  [jvm.dll+0x386f2a]  (no source info available)
V  [jvm.dll+0x247908]  (no source info available)
V  [jvm.dll+0x246faf]  (no source info available)
V  [jvm.dll+0x1c4e90]  (no source info available)
V  [jvm.dll+0x25699e]  (no source info available)
V  [jvm.dll+0x254c5a]  (no source info available)
V  [jvm.dll+0x3f5426]  (no source info available)
V  [jvm.dll+0x81d50b]  (no source info available)
V  [jvm.dll+0x6e09e5]  (no source info available)
C  [ucrtbase.dll+0x29333]  (no source info available)
C  [KERNEL32.DLL+0x1259d]  (no source info available)
C  [ntdll.dll+0x5af38]  (no source info available)


---------------  P R O C E S S  ---------------

Threads class SMR info:
_java_thread_list=0x000002037fae3f50, length=14, elements={
0x000002031c2ca400, 0x0000020338c186d0, 0x0000020338c195f0, 0x0000020338c1d1a0,
0x0000020338c1fd10, 0x0000020338c22050, 0x0000020338c22ab0, 0x0000020338c23840,
0x0000020338c29320, 0x000002031e497720, 0x000002037e185350, 0x000002037e1861d0,
0x000002037ecbe030, 0x000002037f6f6e50
}

Java Threads: ( => current thread )
  0x000002031c2ca400 JavaThread "main"                              [_thread_in_native, id=8332, stack(0x0000002f41400000,0x0000002f41500000) (1024K)]
  0x0000020338c186d0 JavaThread "Reference Handler"          daemon [_thread_blocked, id=9872, stack(0x0000002f41c00000,0x0000002f41d00000) (1024K)]
  0x0000020338c195f0 JavaThread "Finalizer"                  daemon [_thread_blocked, id=21672, stack(0x0000002f41d00000,0x0000002f41e00000) (1024K)]
  0x0000020338c1d1a0 JavaThread "Signal Dispatcher"          daemon [_thread_blocked, id=14580, stack(0x0000002f41e00000,0x0000002f41f00000) (1024K)]
  0x0000020338c1fd10 JavaThread "Attach Listener"            daemon [_thread_blocked, id=3052, stack(0x0000002f41f00000,0x0000002f42000000) (1024K)]
  0x0000020338c22050 JavaThread "Service Thread"             daemon [_thread_blocked, id=19088, stack(0x0000002f42000000,0x0000002f42100000) (1024K)]
  0x0000020338c22ab0 JavaThread "Monitor Deflation Thread"   daemon [_thread_blocked, id=16292, stack(0x0000002f42100000,0x0000002f42200000) (1024K)]
=>0x0000020338c23840 JavaThread "C2 CompilerThread0"         daemon [_thread_in_native, id=2256, stack(0x0000002f42200000,0x0000002f42300000) (1024K)]
  0x0000020338c29320 JavaThread "C1 CompilerThread0"         daemon [_thread_blocked, id=18092, stack(0x0000002f42300000,0x0000002f42400000) (1024K)]
  0x000002031e497720 JavaThread "Common-Cleaner"             daemon [_thread_blocked, id=11868, stack(0x0000002f42400000,0x0000002f42500000) (1024K)]
  0x000002037e185350 JavaThread "Monitor Ctrl-Break"         daemon [_thread_in_native, id=15536, stack(0x0000002f42500000,0x0000002f42600000) (1024K)]
  0x000002037e1861d0 JavaThread "Notification Thread"        daemon [_thread_blocked, id=21272, stack(0x0000002f42600000,0x0000002f42700000) (1024K)]
  0x000002037ecbe030 JavaThread "mysql-cj-abandoned-connection-cleanup" daemon [_thread_blocked, id=14148, stack(0x0000002f42a00000,0x0000002f42b00000) (1024K)]
  0x000002037f6f6e50 JavaThread "Hibernate Connection Pool Validation Thread" daemon [_thread_blocked, id=13156, stack(0x0000002f42b00000,0x0000002f42c00000) (1024K)]
Total: 14

Other Threads:
  0x000002031e4ab830 VMThread "VM Thread"                           [id=13424, stack(0x0000002f41b00000,0x0000002f41c00000) (1024K)]
  0x0000020338bfcd10 WatcherThread "VM Periodic Task Thread"        [id=13448, stack(0x0000002f41a00000,0x0000002f41b00000) (1024K)]
  0x000002031e4260f0 WorkerThread "GC Thread#0"                     [id=9284, stack(0x0000002f41500000,0x0000002f41600000) (1024K)]
  0x000002037e95aae0 WorkerThread "GC Thread#1"                     [id=18180, stack(0x0000002f42700000,0x0000002f42800000) (1024K)]
  0x000002037e99bef0 WorkerThread "GC Thread#2"                     [id=9488, stack(0x0000002f42800000,0x0000002f42900000) (1024K)]
  0x000002037e99c2a0 WorkerThread "GC Thread#3"                     [id=11988, stack(0x0000002f42900000,0x0000002f42a00000) (1024K)]
  0x000002031e42de60 ConcurrentGCThread "G1 Main Marker"            [id=21988, stack(0x0000002f41600000,0x0000002f41700000) (1024K)]
  0x000002031e42eb20 WorkerThread "G1 Conc#0"                       [id=18964, stack(0x0000002f41700000,0x0000002f41800000) (1024K)]
  0x000002031e487380 ConcurrentGCThread "G1 Refine#0"               [id=23508, stack(0x0000002f41800000,0x0000002f41900000) (1024K)]
  0x000002031e487f00 ConcurrentGCThread "G1 Service"                [id=7636, stack(0x0000002f41900000,0x0000002f41a00000) (1024K)]
Total: 10

Threads with active compile tasks:
C2 CompilerThread0  11930 3500       4       jdk.internal.org.objectweb.asm.SymbolTable::addConstantMemberReference (147 bytes)
Total: 1

VM state: not at safepoint (normal execution)

VM Mutex/Monitor currently owned by a thread: None

Heap address: 0x00000000c9400000, size: 876 MB, Compressed Oops mode: 32-bit

CDS archive(s) mapped at: [0x0000020339000000-0x0000020339c50000-0x0000020339c50000), size 12910592, SharedBaseAddress: 0x0000020339000000, ArchiveRelocationMode: 1.
Compressed class space mapped at: 0x000002033a000000-0x000002037a000000, reserved size: 1073741824
Narrow klass base: 0x0000020339000000, Narrow klass shift: 0, Narrow klass range: 0x41000000

GC Precious Log:
 CardTable entry size: 512
 Card Set container configuration: InlinePtr #cards 5 size 8 Array Of Cards #cards 12 size 40 Howl #buckets 4 coarsen threshold 1843 Howl Bitmap #cards 512 size 80 coarsen threshold 460 Card regions per heap region 1 cards per card region 2048
 CPUs: 4 total, 4 available
 Memory: 3503M
 Large Page Support: Disabled
 NUMA Support: Disabled
 Compressed Oops: Enabled (32-bit)
 Heap Region Size: 1M
 Heap Min Capacity: 8M
 Heap Initial Capacity: 56M
 Heap Max Capacity: 876M
 Pre-touch: Disabled
 Parallel Workers: 4
 Concurrent Workers: 1
 Concurrent Refinement Workers: 4
 Periodic GC: Disabled

Heap:
 garbage-first heap   total reserved 897024K, committed 48128K, used 23789K [0x00000000c9400000, 0x0000000100000000)
  region size 1024K, 12 young (12288K), 3 survivors (3072K)
 Metaspace       used 32020K, committed 32384K, reserved 1114112K
  class space    used 4138K, committed 4288K, reserved 1048576K

Heap Regions: E=young(eden), S=young(survivor), O=old, HS=humongous(starts), HC=humongous(continues), CS=collection set, F=free, TAMS=top-at-mark-start, PB=parsable bottom
|   0|0x00000000c9400000, 0x00000000c9500000, 0x00000000c9500000|100%|HS|  |TAMS 0x00000000c9400000| PB 0x00000000c9400000| Complete |  0
|   1|0x00000000c9500000, 0x00000000c9600000, 0x00000000c9600000|100%| O|  |TAMS 0x00000000c9500000| PB 0x00000000c9500000| Untracked |  0
|   2|0x00000000c9600000, 0x00000000c9700000, 0x00000000c9700000|100%| O|  |TAMS 0x00000000c9600000| PB 0x00000000c9600000| Untracked |  0
|   3|0x00000000c9700000, 0x00000000c9800000, 0x00000000c9800000|100%| O|  |TAMS 0x00000000c9700000| PB 0x00000000c9700000| Untracked |  0
|   4|0x00000000c9800000, 0x00000000c9900000, 0x00000000c9900000|100%| O|  |TAMS 0x00000000c9800000| PB 0x00000000c9800000| Untracked |  0
|   5|0x00000000c9900000, 0x00000000c9a00000, 0x00000000c9a00000|100%| O|  |TAMS 0x00000000c9900000| PB 0x00000000c9900000| Untracked |  0
|   6|0x00000000c9a00000, 0x00000000c9b00000, 0x00000000c9b00000|100%| O|  |TAMS 0x00000000c9a00000| PB 0x00000000c9a00000| Untracked |  0
|   7|0x00000000c9b00000, 0x00000000c9c00000, 0x00000000c9c00000|100%| O|  |TAMS 0x00000000c9b00000| PB 0x00000000c9b00000| Untracked |  0
|   8|0x00000000c9c00000, 0x00000000c9d00000, 0x00000000c9d00000|100%| O|  |TAMS 0x00000000c9c00000| PB 0x00000000c9c00000| Untracked |  0
|   9|0x00000000c9d00000, 0x00000000c9e00000, 0x00000000c9e00000|100%| O|  |TAMS 0x00000000c9d00000| PB 0x00000000c9d00000| Untracked |  0
|  10|0x00000000c9e00000, 0x00000000c9e2b6a0, 0x00000000c9f00000| 16%| O|Cm|TAMS 0x00000000c9e00000| PB 0x00000000c9e00000| Complete |  0
|  11|0x00000000c9f00000, 0x00000000ca000000, 0x00000000ca000000|100%| O|  |TAMS 0x00000000c9f00000| PB 0x00000000c9f00000| Untracked |  0
|  12|0x00000000ca000000, 0x00000000ca100000, 0x00000000ca100000|100%| O|  |TAMS 0x00000000ca000000| PB 0x00000000ca000000| Untracked |  0
|  13|0x00000000ca100000, 0x00000000ca1c3180, 0x00000000ca200000| 76%| O|  |TAMS 0x00000000ca100000| PB 0x00000000ca100000| Untracked |  0
|  14|0x00000000ca200000, 0x00000000ca200000, 0x00000000ca300000|  0%| F|  |TAMS 0x00000000ca200000| PB 0x00000000ca200000| Untracked |  0
|  15|0x00000000ca300000, 0x00000000ca300000, 0x00000000ca400000|  0%| F|  |TAMS 0x00000000ca300000| PB 0x00000000ca300000| Untracked |  0
|  16|0x00000000ca400000, 0x00000000ca44ccc8, 0x00000000ca500000| 29%| S|CS|TAMS 0x00000000ca400000| PB 0x00000000ca400000| Complete |  0
|  17|0x00000000ca500000, 0x00000000ca600000, 0x00000000ca600000|100%| S|CS|TAMS 0x00000000ca500000| PB 0x00000000ca500000| Complete |  0
|  18|0x00000000ca600000, 0x00000000ca700000, 0x00000000ca700000|100%| S|CS|TAMS 0x00000000ca600000| PB 0x00000000ca600000| Complete |  0
|  19|0x00000000ca700000, 0x00000000ca700000, 0x00000000ca800000|  0%| F|  |TAMS 0x00000000ca700000| PB 0x00000000ca700000| Untracked |  0
|  20|0x00000000ca800000, 0x00000000ca800000, 0x00000000ca900000|  0%| F|  |TAMS 0x00000000ca800000| PB 0x00000000ca800000| Untracked |  0
|  21|0x00000000ca900000, 0x00000000ca900000, 0x00000000caa00000|  0%| F|  |TAMS 0x00000000ca900000| PB 0x00000000ca900000| Untracked |  0
|  22|0x00000000caa00000, 0x00000000caa00000, 0x00000000cab00000|  0%| F|  |TAMS 0x00000000caa00000| PB 0x00000000caa00000| Untracked |  0
|  23|0x00000000cab00000, 0x00000000cab00000, 0x00000000cac00000|  0%| F|  |TAMS 0x00000000cab00000| PB 0x00000000cab00000| Untracked |  0
|  24|0x00000000cac00000, 0x00000000cac00000, 0x00000000cad00000|  0%| F|  |TAMS 0x00000000cac00000| PB 0x00000000cac00000| Untracked |  0
|  25|0x00000000cad00000, 0x00000000cad00000, 0x00000000cae00000|  0%| F|  |TAMS 0x00000000cad00000| PB 0x00000000cad00000| Untracked |  0
|  26|0x00000000cae00000, 0x00000000cae00000, 0x00000000caf00000|  0%| F|  |TAMS 0x00000000cae00000| PB 0x00000000cae00000| Untracked |  0
|  27|0x00000000caf00000, 0x00000000caf00000, 0x00000000cb000000|  0%| F|  |TAMS 0x00000000caf00000| PB 0x00000000caf00000| Untracked |  0
|  28|0x00000000cb000000, 0x00000000cb000000, 0x00000000cb100000|  0%| F|  |TAMS 0x00000000cb000000| PB 0x00000000cb000000| Untracked |  0
|  29|0x00000000cb100000, 0x00000000cb100000, 0x00000000cb200000|  0%| F|  |TAMS 0x00000000cb100000| PB 0x00000000cb100000| Untracked |  0
|  30|0x00000000cb200000, 0x00000000cb200000, 0x00000000cb300000|  0%| F|  |TAMS 0x00000000cb200000| PB 0x00000000cb200000| Untracked |  0
|  31|0x00000000cb300000, 0x00000000cb300000, 0x00000000cb400000|  0%| F|  |TAMS 0x00000000cb300000| PB 0x00000000cb300000| Untracked |  0
|  32|0x00000000cb400000, 0x00000000cb400000, 0x00000000cb500000|  0%| F|  |TAMS 0x00000000cb400000| PB 0x00000000cb400000| Untracked |  0
|  33|0x00000000cb500000, 0x00000000cb500000, 0x00000000cb600000|  0%| F|  |TAMS 0x00000000cb500000| PB 0x00000000cb500000| Untracked |  0
|  34|0x00000000cb600000, 0x00000000cb600000, 0x00000000cb700000|  0%| F|  |TAMS 0x00000000cb600000| PB 0x00000000cb600000| Untracked |  0
|  35|0x00000000cb700000, 0x00000000cb700000, 0x00000000cb800000|  0%| F|  |TAMS 0x00000000cb700000| PB 0x00000000cb700000| Untracked |  0
|  36|0x00000000cb800000, 0x00000000cb800000, 0x00000000cb900000|  0%| F|  |TAMS 0x00000000cb800000| PB 0x00000000cb800000| Untracked |  0
|  37|0x00000000cb900000, 0x00000000cb900000, 0x00000000cba00000|  0%| F|  |TAMS 0x00000000cb900000| PB 0x00000000cb900000| Untracked |  0
|  38|0x00000000cba00000, 0x00000000cba7c930, 0x00000000cbb00000| 48%| E|  |TAMS 0x00000000cba00000| PB 0x00000000cba00000| Complete |  0
|  39|0x00000000cbb00000, 0x00000000cbc00000, 0x00000000cbc00000|100%| E|CS|TAMS 0x00000000cbb00000| PB 0x00000000cbb00000| Complete |  0
|  40|0x00000000cbc00000, 0x00000000cbd00000, 0x00000000cbd00000|100%| E|CS|TAMS 0x00000000cbc00000| PB 0x00000000cbc00000| Complete |  0
|  41|0x00000000cbd00000, 0x00000000cbe00000, 0x00000000cbe00000|100%| E|CS|TAMS 0x00000000cbd00000| PB 0x00000000cbd00000| Complete |  0
|  42|0x00000000cbe00000, 0x00000000cbf00000, 0x00000000cbf00000|100%| E|CS|TAMS 0x00000000cbe00000| PB 0x00000000cbe00000| Complete |  0
|  43|0x00000000cbf00000, 0x00000000cc000000, 0x00000000cc000000|100%| E|CS|TAMS 0x00000000cbf00000| PB 0x00000000cbf00000| Complete |  0
|  44|0x00000000cc000000, 0x00000000cc100000, 0x00000000cc100000|100%| E|CS|TAMS 0x00000000cc000000| PB 0x00000000cc000000| Complete |  0
|  45|0x00000000cc100000, 0x00000000cc200000, 0x00000000cc200000|100%| E|CS|TAMS 0x00000000cc100000| PB 0x00000000cc100000| Complete |  0
|  55|0x00000000ccb00000, 0x00000000ccc00000, 0x00000000ccc00000|100%| E|CS|TAMS 0x00000000ccb00000| PB 0x00000000ccb00000| Complete |  0

Card table byte_map: [0x0000020335730000,0x00000203358f0000] _byte_map_base: 0x00000203350e6000

Marking Bits: (CMBitMap*) 0x000002031e426800
 Bits: [0x00000203358f0000, 0x00000203366a0000)

Polling page: 0x000002031c270000

Metaspace:

Usage:
  Non-class:     27.25 MB used.
      Class:      4.04 MB used.
       Both:     31.29 MB used.

Virtual space:
  Non-class space:       64.00 MB reserved,      27.44 MB ( 43%) committed,  1 nodes.
      Class space:        1.00 GB reserved,       4.19 MB ( <1%) committed,  1 nodes.
             Both:        1.06 GB reserved,      31.62 MB (  3%) committed. 

Chunk freelists:
   Non-Class:  4.16 MB
       Class:  11.85 MB
        Both:  16.00 MB

MaxMetaspaceSize: unlimited
CompressedClassSpaceSize: 1.00 GB
Initial GC threshold: 21.00 MB
Current GC threshold: 35.12 MB
CDS: on
 - commit_granule_bytes: 65536.
 - commit_granule_words: 8192.
 - virtual_space_node_default_size: 8388608.
 - enlarge_chunks_in_place: 1.
 - use_allocation_guard: 0.


Internal statistics:

num_allocs_failed_limit: 3.
num_arena_births: 324.
num_arena_deaths: 0.
num_vsnodes_births: 2.
num_vsnodes_deaths: 0.
num_space_committed: 506.
num_space_uncommitted: 0.
num_chunks_returned_to_freelist: 3.
num_chunks_taken_from_freelist: 1185.
num_chunk_merges: 0.
num_chunk_splits: 808.
num_chunks_enlarged: 622.
num_inconsistent_stats: 0.

CodeHeap 'non-profiled nmethods': size=120000Kb used=1602Kb max_used=1602Kb free=118397Kb
 bounds [0x000002032e200000, 0x000002032e470000, 0x0000020335730000]
CodeHeap 'profiled nmethods': size=120000Kb used=7535Kb max_used=7535Kb free=112465Kb
 bounds [0x0000020326730000, 0x0000020326e90000, 0x000002032dc60000]
CodeHeap 'non-nmethods': size=5760Kb used=1589Kb max_used=1640Kb free=4170Kb
 bounds [0x000002032dc60000, 0x000002032ded0000, 0x000002032e200000]
 total_blobs=4176 nmethods=3534 adapters=545
 compilation: enabled
              stopped_count=0, restarted_count=0
 full_count=0

Compilation events (20 events):
Event: 11.676 Thread 0x0000020338c29320 3521       3       net.bytebuddy.description.method.MethodDescription$ForLoadedMethod::getDeclaringType (14 bytes)
Event: 11.677 Thread 0x0000020338c29320 nmethod 3521 0x0000020326e7ee10 code [0x0000020326e7f020, 0x0000020326e7f7f8]
Event: 11.680 Thread 0x0000020338c29320 3522       3       java.util.concurrent.ConcurrentHashMap$BaseIterator::<init> (21 bytes)
Event: 11.681 Thread 0x0000020338c29320 nmethod 3522 0x0000020326e7fa90 code [0x0000020326e7fc40, 0x0000020326e7fe20]
Event: 11.681 Thread 0x0000020338c29320 3524       3       java.lang.Character::isLetterOrDigit (5 bytes)
Event: 11.681 Thread 0x0000020338c29320 nmethod 3524 0x0000020326e7ff10 code [0x0000020326e800e0, 0x0000020326e803f0]
Event: 11.681 Thread 0x0000020338c29320 3523       3       java.util.concurrent.ConcurrentHashMap$Traverser::<init> (36 bytes)
Event: 11.681 Thread 0x0000020338c29320 nmethod 3523 0x0000020326e80510 code [0x0000020326e806c0, 0x0000020326e808c0]
Event: 11.681 Thread 0x0000020338c29320 3525       3       net.bytebuddy.description.type.TypeDescription$AbstractBase::equals (60 bytes)
Event: 11.682 Thread 0x0000020338c29320 nmethod 3525 0x0000020326e80990 code [0x0000020326e80bc0, 0x0000020326e813e0]
Event: 11.682 Thread 0x0000020338c29320 3526       3       java.lang.invoke.DirectMethodHandle$Holder::invokeStatic (14 bytes)
Event: 11.682 Thread 0x0000020338c29320 nmethod 3526 0x0000020326e81610 code [0x0000020326e817e0, 0x0000020326e81c10]
Event: 11.686 Thread 0x0000020338c29320 3527       3       net.bytebuddy.description.type.TypeDescription$Generic$LazyProjection$WithEagerNavigation$OfAnnotatedElement::<init> (5 bytes)
Event: 11.686 Thread 0x0000020338c29320 nmethod 3527 0x0000020326e81d10 code [0x0000020326e81ec0, 0x0000020326e821a0]
Event: 11.686 Thread 0x0000020338c29320 3528       3       net.bytebuddy.description.type.TypeDescription$Generic$LazyProjection$WithEagerNavigation::<init> (5 bytes)
Event: 11.686 Thread 0x0000020338c29320 nmethod 3528 0x0000020326e82310 code [0x0000020326e824c0, 0x0000020326e82740]
Event: 11.758 Thread 0x0000020338c29320 3530       3       java.nio.charset.CoderResult::isUnderflow (13 bytes)
Event: 11.758 Thread 0x0000020338c29320 nmethod 3530 0x0000020326e82890 code [0x0000020326e82a20, 0x0000020326e82b80]
Event: 11.760 Thread 0x0000020338c29320 3531       1       java.net.URLConnection::getUseCaches (5 bytes)
Event: 11.761 Thread 0x0000020338c29320 nmethod 3531 0x000002032e390690 code [0x000002032e390820, 0x000002032e3908f0]

GC Heap History (10 events):
Event: 1.872 GC heap before
{Heap before GC invocations=0 (full 0):
 garbage-first heap   total reserved 897024K, committed 57344K, used 15360K [0x00000000c9400000, 0x0000000100000000)
  region size 1024K, 14 young (14336K), 0 survivors (0K)
 Metaspace       used 4174K, committed 4352K, reserved 1114112K
  class space    used 541K, committed 640K, reserved 1048576K
}
Event: 1.899 GC heap after
{Heap after GC invocations=1 (full 0):
 garbage-first heap   total reserved 897024K, committed 57344K, used 3784K [0x00000000c9400000, 0x0000000100000000)
  region size 1024K, 2 young (2048K), 2 survivors (2048K)
 Metaspace       used 4174K, committed 4352K, reserved 1114112K
  class space    used 541K, committed 640K, reserved 1048576K
}
Event: 3.503 GC heap before
{Heap before GC invocations=1 (full 0):
 garbage-first heap   total reserved 897024K, committed 57344K, used 22216K [0x00000000c9400000, 0x0000000100000000)
  region size 1024K, 21 young (21504K), 2 survivors (2048K)
 Metaspace       used 12665K, committed 12928K, reserved 1114112K
  class space    used 1609K, committed 1728K, reserved 1048576K
}
Event: 3.517 GC heap after
{Heap after GC invocations=2 (full 0):
 garbage-first heap   total reserved 897024K, committed 57344K, used 6562K [0x00000000c9400000, 0x0000000100000000)
  region size 1024K, 3 young (3072K), 3 survivors (3072K)
 Metaspace       used 12665K, committed 12928K, reserved 1114112K
  class space    used 1609K, committed 1728K, reserved 1048576K
}
Event: 5.708 GC heap before
{Heap before GC invocations=2 (full 0):
 garbage-first heap   total reserved 897024K, committed 57344K, used 37282K [0x00000000c9400000, 0x0000000100000000)
  region size 1024K, 33 young (33792K), 3 survivors (3072K)
 Metaspace       used 15997K, committed 16320K, reserved 1114112K
  class space    used 2011K, committed 2176K, reserved 1048576K
}
Event: 5.731 GC heap after
{Heap after GC invocations=3 (full 0):
 garbage-first heap   total reserved 897024K, committed 57344K, used 9959K [0x00000000c9400000, 0x0000000100000000)
  region size 1024K, 5 young (5120K), 5 survivors (5120K)
 Metaspace       used 15997K, committed 16320K, reserved 1114112K
  class space    used 2011K, committed 2176K, reserved 1048576K
}
Event: 8.372 GC heap before
{Heap before GC invocations=3 (full 0):
 garbage-first heap   total reserved 897024K, committed 57344K, used 26343K [0x00000000c9400000, 0x0000000100000000)
  region size 1024K, 22 young (22528K), 5 survivors (5120K)
 Metaspace       used 21268K, committed 21504K, reserved 1114112K
  class space    used 2594K, committed 2752K, reserved 1048576K
}
Event: 8.395 GC heap after
{Heap after GC invocations=4 (full 0):
 garbage-first heap   total reserved 897024K, committed 57344K, used 13485K [0x00000000c9400000, 0x0000000100000000)
  region size 1024K, 3 young (3072K), 3 survivors (3072K)
 Metaspace       used 21268K, committed 21504K, reserved 1114112K
  class space    used 2594K, committed 2752K, reserved 1048576K
}
Event: 11.457 GC heap before
{Heap before GC invocations=5 (full 0):
 garbage-first heap   total reserved 897024K, committed 48128K, used 39085K [0x00000000c9400000, 0x0000000100000000)
  region size 1024K, 28 young (28672K), 3 survivors (3072K)
 Metaspace       used 30020K, committed 30272K, reserved 1114112K
  class space    used 3850K, committed 3968K, reserved 1048576K
}
Event: 11.470 GC heap after
{Heap after GC invocations=6 (full 0):
 garbage-first heap   total reserved 897024K, committed 48128K, used 15597K [0x00000000c9400000, 0x0000000100000000)
  region size 1024K, 3 young (3072K), 3 survivors (3072K)
 Metaspace       used 30020K, committed 30272K, reserved 1114112K
  class space    used 3850K, committed 3968K, reserved 1048576K
}

Dll operation events (12 events):
Event: 0.021 Loaded shared library C:\Users\repti\.jdks\openjdk-22\bin\java.dll
Event: 0.076 Loaded shared library C:\Users\repti\.jdks\openjdk-22\bin\jsvml.dll
Event: 0.269 Loaded shared library C:\Users\repti\.jdks\openjdk-22\bin\zip.dll
Event: 0.279 Loaded shared library C:\Users\repti\.jdks\openjdk-22\bin\instrument.dll
Event: 0.287 Loaded shared library C:\Users\repti\.jdks\openjdk-22\bin\net.dll
Event: 0.290 Loaded shared library C:\Users\repti\.jdks\openjdk-22\bin\nio.dll
Event: 0.298 Loaded shared library C:\Users\repti\.jdks\openjdk-22\bin\zip.dll
Event: 0.331 Loaded shared library C:\Program Files\JetBrains\IntelliJ IDEA 2024.2.3\bin\breakgen64.dll
Event: 0.371 Loaded shared library C:\Users\repti\.jdks\openjdk-22\bin\extnet.dll
Event: 0.570 Loaded shared library C:\Users\repti\.jdks\openjdk-22\bin\jimage.dll
Event: 8.546 Loaded shared library C:\Users\repti\.jdks\openjdk-22\bin\sunmscapi.dll
Event: 10.988 Loaded shared library C:\Users\repti\.jdks\openjdk-22\bin\verify.dll

Deoptimization events (20 events):
Event: 10.739 Thread 0x000002031c2ca400 DEOPT PACKING pc=0x000002032e366d68 sp=0x0000002f414fa790
Event: 10.739 Thread 0x000002031c2ca400 DEOPT UNPACKING pc=0x000002032dcb46a2 sp=0x0000002f414fa760 mode 2
Event: 11.022 Thread 0x000002031c2ca400 Uncommon trap: trap_request=0xffffff45 fr.pc=0x000002032e2763b4 relative=0x0000000000001c74
Event: 11.022 Thread 0x000002031c2ca400 Uncommon trap: reason=unstable_if action=reinterpret pc=0x000002032e2763b4 method=jdk.internal.org.objectweb.asm.Frame.execute(IILjdk/internal/org/objectweb/asm/Symbol;Ljdk/internal/org/objectweb/asm/SymbolTable;)V @ 1 c2
Event: 11.022 Thread 0x000002031c2ca400 DEOPT PACKING pc=0x000002032e2763b4 sp=0x0000002f414f9be0
Event: 11.022 Thread 0x000002031c2ca400 DEOPT UNPACKING pc=0x000002032dcb46a2 sp=0x0000002f414f9b48 mode 2
Event: 11.094 Thread 0x000002031c2ca400 Uncommon trap: trap_request=0xffffff45 fr.pc=0x000002032e35afb0 relative=0x0000000000000110
Event: 11.094 Thread 0x000002031c2ca400 Uncommon trap: reason=unstable_if action=reinterpret pc=0x000002032e35afb0 method=java.util.Arrays.equals([Ljava/lang/Object;[Ljava/lang/Object;)Z @ 23 c2
Event: 11.094 Thread 0x000002031c2ca400 DEOPT PACKING pc=0x000002032e35afb0 sp=0x0000002f414f9a50
Event: 11.094 Thread 0x000002031c2ca400 DEOPT UNPACKING pc=0x000002032dcb46a2 sp=0x0000002f414f99d8 mode 2
Event: 11.203 Thread 0x000002031c2ca400 Uncommon trap: trap_request=0xffffff45 fr.pc=0x000002032e23a2a8 relative=0x0000000000000308
Event: 11.203 Thread 0x000002031c2ca400 Uncommon trap: reason=unstable_if action=reinterpret pc=0x000002032e23a2a8 method=jdk.internal.org.objectweb.asm.SymbolTable.put(Ljdk/internal/org/objectweb/asm/SymbolTable$Entry;)Ljdk/internal/org/objectweb/asm/SymbolTable$Entry; @ 13 c2
Event: 11.203 Thread 0x000002031c2ca400 DEOPT PACKING pc=0x000002032e23a2a8 sp=0x0000002f414f9e50
Event: 11.203 Thread 0x000002031c2ca400 DEOPT UNPACKING pc=0x000002032dcb46a2 sp=0x0000002f414f9dd0 mode 2
Event: 11.757 Thread 0x000002031c2ca400 DEOPT PACKING pc=0x00000203269a147b sp=0x0000002f414fb560
Event: 11.757 Thread 0x000002031c2ca400 DEOPT UNPACKING pc=0x000002032dcb4e42 sp=0x0000002f414fa9d0 mode 0
Event: 11.760 Thread 0x000002031c2ca400 DEOPT PACKING pc=0x00000203269a149c sp=0x0000002f414fb560
Event: 11.760 Thread 0x000002031c2ca400 DEOPT UNPACKING pc=0x000002032dcb4e42 sp=0x0000002f414fa9d0 mode 0
Event: 11.762 Thread 0x000002031c2ca400 DEOPT PACKING pc=0x00000203269a149c sp=0x0000002f414fb560
Event: 11.762 Thread 0x000002031c2ca400 DEOPT UNPACKING pc=0x000002032dcb4e42 sp=0x0000002f414fa9d0 mode 0

Classes loaded (20 events):
Event: 10.495 Loading class java/beans/FeatureDescriptor done
Event: 10.495 Loading class java/beans/EventSetDescriptor done
Event: 10.495 Loading class java/beans/Introspector$1
Event: 10.495 Loading class jdk/internal/access/JavaBeansAccess
Event: 10.495 Loading class jdk/internal/access/JavaBeansAccess done
Event: 10.495 Loading class java/beans/Introspector$1 done
Event: 10.847 Loading class java/util/stream/ReduceOps$1
Event: 10.847 Loading class java/util/stream/ReduceOps$1 done
Event: 10.847 Loading class java/util/stream/ReduceOps$1ReducingSink
Event: 10.848 Loading class java/util/stream/ReduceOps$1ReducingSink done
Event: 11.020 Loading class java/lang/Process
Event: 11.021 Loading class java/lang/Process done
Event: 11.069 Loading class java/lang/reflect/GenericSignatureFormatError
Event: 11.070 Loading class java/lang/ClassFormatError
Event: 11.070 Loading class java/lang/ClassFormatError done
Event: 11.070 Loading class java/lang/reflect/GenericSignatureFormatError done
Event: 11.106 Loading class java/lang/TypeNotPresentException
Event: 11.107 Loading class java/lang/TypeNotPresentException done
Event: 11.192 Loading class java/io/Console
Event: 11.192 Loading class java/io/Console done

Classes unloaded (0 events):
No events

Classes redefined (0 events):
No events

Internal exceptions (20 events):
Event: 2.095 Thread 0x000002031c2ca400 Exception <a 'java/lang/NoSuchMethodError'{0x00000000cc936a18}: 'void java.lang.invoke.DelegatingMethodHandle$Holder.delegate(java.lang.Object, java.lang.Object, int, java.lang.Object)'> (0x00000000cc936a18) 
thrown [s\open\src\hotspot\share\interpreter\linkResolver.cpp, line 774]
Event: 2.372 Thread 0x000002031c2ca400 Exception <a 'java/lang/NoSuchMethodError'{0x00000000cc6cc6b8}: 'java.lang.Object java.lang.invoke.DirectMethodHandle$Holder.invokeStatic(java.lang.Object, int, java.lang.Object)'> (0x00000000cc6cc6b8) 
thrown [s\open\src\hotspot\share\interpreter\linkResolver.cpp, line 774]
Event: 2.756 Thread 0x000002031c2ca400 Exception <a 'java/lang/NullPointerException'{0x00000000cc125950}> (0x00000000cc125950) 
thrown [s\open\src\hotspot\share\interpreter\linkResolver.cpp, line 1458]
Event: 3.209 Thread 0x000002031c2ca400 Exception <a 'java/lang/ClassNotFoundException'{0x00000000cbaf4110}: com/sun/org/apache/xerces/internal/impl/xpath/regex/spi/messageProvider> (0x00000000cbaf4110) 
thrown [s\open\src\hotspot\share\classfile\systemDictionary.cpp, line 313]
Event: 3.324 Thread 0x000002031c2ca400 Exception <a 'java/lang/NoSuchMethodError'{0x00000000cb97dcc0}: 'void java.lang.invoke.Invokers$Holder.invokeExact_MT(java.lang.Object, java.lang.Object, java.lang.Object, java.lang.Object)'> (0x00000000cb97dcc0) 
thrown [s\open\src\hotspot\share\interpreter\linkResolver.cpp, line 774]
Event: 3.620 Thread 0x000002031c2ca400 Exception <a 'java/lang/NoSuchMethodError'{0x00000000ccbfebe0}: 'java.lang.Object java.lang.invoke.DirectMethodHandle$Holder.invokeStaticInit(java.lang.Object, int, int, int, int)'> (0x00000000ccbfebe0) 
thrown [s\open\src\hotspot\share\interpreter\linkResolver.cpp, line 774]
Event: 3.656 Thread 0x000002031c2ca400 Exception <a 'java/lang/NoSuchMethodError'{0x00000000cca3e068}: 'java.lang.Object java.lang.invoke.DirectMethodHandle$Holder.invokeStaticInit(java.lang.Object, java.lang.Object, int, int, int, int)'> (0x00000000cca3e068) 
thrown [s\open\src\hotspot\share\interpreter\linkResolver.cpp, line 774]
Event: 6.103 Thread 0x000002031c2ca400 Implicit null exception at 0x000002032e2f348d to 0x000002032e2f35dc
Event: 7.606 Thread 0x000002031c2ca400 Exception <a 'java/lang/NoSuchMethodError'{0x00000000cbc3ab28}: 'void java.lang.invoke.DirectMethodHandle$Holder.invokeStaticInit(java.lang.Object, java.lang.Object)'> (0x00000000cbc3ab28) 
thrown [s\open\src\hotspot\share\interpreter\linkResolver.cpp, line 774]
Event: 7.848 Thread 0x000002031c2ca400 Exception <a 'sun/nio/fs/WindowsException'{0x00000000cbb235d0}> (0x00000000cbb235d0) 
thrown [s\open\src\hotspot\share\prims\jni.cpp, line 520]
Event: 9.722 Thread 0x000002031c2ca400 Exception <a 'java/lang/NoSuchMethodError'{0x00000000cbf7b7f8}: 'int java.lang.invoke.DirectMethodHandle$Holder.invokeStatic(java.lang.Object)'> (0x00000000cbf7b7f8) 
thrown [s\open\src\hotspot\share\interpreter\linkResolver.cpp, line 774]
Event: 10.086 Thread 0x000002031c2ca400 Exception <a 'java/lang/NoSuchMethodError'{0x00000000cbb6a180}: 'int java.lang.invoke.Invokers$Holder.invokeExact_MT(java.lang.Object, java.lang.Object)'> (0x00000000cbb6a180) 
thrown [s\open\src\hotspot\share\interpreter\linkResolver.cpp, line 774]
Event: 10.626 Thread 0x000002031c2ca400 Exception <a 'java/lang/NoSuchMethodError'{0x00000000cb281180}: 'java.lang.Object java.lang.invoke.DirectMethodHandle$Holder.newInvokeSpecial(java.lang.Object, java.lang.Object, java.lang.Object, int)'> (0x00000000cb281180) 
thrown [s\open\src\hotspot\share\interpreter\linkResolver.cpp, line 774]
Event: 10.627 Thread 0x000002031c2ca400 Exception <a 'java/lang/NoSuchMethodError'{0x00000000cb285868}: 'java.lang.Object java.lang.invoke.DirectMethodHandle$Holder.invokeSpecial(java.lang.Object, java.lang.Object, java.lang.Object, java.lang.Object, int)'> (0x00000000cb285868) 
thrown [s\open\src\hotspot\share\interpreter\linkResolver.cpp, line 774]
Event: 10.627 Thread 0x000002031c2ca400 Exception <a 'java/lang/NoSuchMethodError'{0x00000000cb289710}: 'java.lang.Object java.lang.invoke.Invokers$Holder.linkToTargetMethod(java.lang.Object, java.lang.Object, int, java.lang.Object)'> (0x00000000cb289710) 
thrown [s\open\src\hotspot\share\interpreter\linkResolver.cpp, line 774]
Event: 10.772 Thread 0x000002031c2ca400 Exception <a 'java/lang/NoSuchMethodError'{0x00000000cb0e5e78}: 'int java.lang.invoke.DirectMethodHandle$Holder.invokeVirtual(java.lang.Object, java.lang.Object, java.lang.Object)'> (0x00000000cb0e5e78) 
thrown [s\open\src\hotspot\share\interpreter\linkResolver.cpp, line 774]
Event: 10.844 Thread 0x000002031c2ca400 Exception <a 'java/lang/NoSuchMethodError'{0x00000000caf7f370}: 'int java.lang.invoke.DirectMethodHandle$Holder.invokeInterface(java.lang.Object, java.lang.Object)'> (0x00000000caf7f370) 
thrown [s\open\src\hotspot\share\interpreter\linkResolver.cpp, line 774]
Event: 10.848 Thread 0x000002031c2ca400 Exception <a 'java/lang/IncompatibleClassChangeError'{0x00000000caf87d80}: Found class java.lang.Object, but interface was expected> (0x00000000caf87d80) 
thrown [s\open\src\hotspot\share\interpreter\linkResolver.cpp, line 841]
Event: 10.886 Thread 0x000002031c2ca400 Exception <a 'java/lang/NoSuchMethodError'{0x00000000cae1edc0}: 'void java.lang.invoke.DirectMethodHandle$Holder.invokeStatic(java.lang.Object, java.lang.Object, java.lang.Object, java.lang.Object, java.lang.Object, java.lang.Object)'> (0x00000000cae1edc0) 
thrown [s\open\src\hotspot\share\interpreter\linkResolver.cpp, line 774]
Event: 11.178 Thread 0x000002031c2ca400 Exception <a 'java/lang/NoSuchMethodError'{0x00000000cab97728}: 'int java.lang.invoke.DirectMethodHandle$Holder.invokeSpecial(java.lang.Object, java.lang.Object, java.lang.Object, java.lang.Object)'> (0x00000000cab97728) 
thrown [s\open\src\hotspot\share\interpreter\linkResolver.cpp, line 774]

ZGC Phase Switch (0 events):
No events

VM Operations (20 events):
Event: 7.428 Executing VM operation: HandshakeAllThreads (Deoptimize)
Event: 7.428 Executing VM operation: HandshakeAllThreads (Deoptimize) done
Event: 7.730 Executing VM operation: HandshakeAllThreads (Deoptimize)
Event: 7.730 Executing VM operation: HandshakeAllThreads (Deoptimize) done
Event: 7.937 Executing VM operation: HandshakeAllThreads (Deoptimize)
Event: 7.937 Executing VM operation: HandshakeAllThreads (Deoptimize) done
Event: 8.372 Executing VM operation: CollectForMetadataAllocation (Metadata GC Threshold)
Event: 8.396 Executing VM operation: CollectForMetadataAllocation (Metadata GC Threshold) done
Event: 8.413 Executing VM operation: G1PauseRemark
Event: 8.428 Executing VM operation: G1PauseRemark done
Event: 8.434 Executing VM operation: G1PauseCleanup
Event: 8.456 Executing VM operation: G1PauseCleanup done
Event: 9.336 Executing VM operation: HandshakeAllThreads (Deoptimize)
Event: 9.336 Executing VM operation: HandshakeAllThreads (Deoptimize) done
Event: 10.340 Executing VM operation: Cleanup
Event: 10.341 Executing VM operation: Cleanup done
Event: 11.344 Executing VM operation: Cleanup
Event: 11.344 Executing VM operation: Cleanup done
Event: 11.457 Executing VM operation: G1CollectForAllocation (G1 Evacuation Pause)
Event: 11.470 Executing VM operation: G1CollectForAllocation (G1 Evacuation Pause) done

Events (14 events):
Event: 0.050 Thread 0x000002031c2ca400 Thread added: 0x000002031c2ca400
Event: 0.072 Thread 0x0000020338c186d0 Thread added: 0x0000020338c186d0
Event: 0.072 Thread 0x0000020338c195f0 Thread added: 0x0000020338c195f0
Event: 0.072 Thread 0x0000020338c1d1a0 Thread added: 0x0000020338c1d1a0
Event: 0.073 Thread 0x0000020338c1fd10 Thread added: 0x0000020338c1fd10
Event: 0.073 Thread 0x0000020338c22050 Thread added: 0x0000020338c22050
Event: 0.073 Thread 0x0000020338c22ab0 Thread added: 0x0000020338c22ab0
Event: 0.073 Thread 0x0000020338c23840 Thread added: 0x0000020338c23840
Event: 0.073 Thread 0x0000020338c29320 Thread added: 0x0000020338c29320
Event: 0.219 Thread 0x000002031e497720 Thread added: 0x000002031e497720
Event: 0.333 Thread 0x000002037e185350 Thread added: 0x000002037e185350
Event: 0.333 Thread 0x000002037e1861d0 Thread added: 0x000002037e1861d0
Event: 6.593 Thread 0x000002037ecbe030 Thread added: 0x000002037ecbe030
Event: 9.761 Thread 0x000002037f6f6e50 Thread added: 0x000002037f6f6e50


Dynamic libraries:
0x00007ff795f90000 - 0x00007ff795f9e000 	C:\Users\repti\.jdks\openjdk-22\bin\java.exe
0x00007ffe325d0000 - 0x00007ffe327e7000 	C:\WINDOWS\SYSTEM32\ntdll.dll
0x00007ffe31530000 - 0x00007ffe315f4000 	C:\WINDOWS\System32\KERNEL32.DLL
0x00007ffe2f880000 - 0x00007ffe2fc50000 	C:\WINDOWS\System32\KERNELBASE.dll
0x00007ffe30080000 - 0x00007ffe30191000 	C:\WINDOWS\System32\ucrtbase.dll
0x00007ffe17730000 - 0x00007ffe1774b000 	C:\Users\repti\.jdks\openjdk-22\bin\VCRUNTIME140.dll
0x00007ffe17750000 - 0x00007ffe17767000 	C:\Users\repti\.jdks\openjdk-22\bin\jli.dll
0x00007ffe302c0000 - 0x00007ffe3046e000 	C:\WINDOWS\System32\USER32.dll
0x00007ffe30020000 - 0x00007ffe30046000 	C:\WINDOWS\System32\win32u.dll
0x00007ffe17f40000 - 0x00007ffe181d2000 	C:\WINDOWS\WinSxS\amd64_microsoft.windows.common-controls_6595b64144ccf1df_6.0.22621.4830_none_270fe7d773858e80\COMCTL32.dll
0x00007ffe31500000 - 0x00007ffe31529000 	C:\WINDOWS\System32\GDI32.dll
0x00007ffe324e0000 - 0x00007ffe32587000 	C:\WINDOWS\System32\msvcrt.dll
0x00007ffe301a0000 - 0x00007ffe302bb000 	C:\WINDOWS\System32\gdi32full.dll
0x00007ffe2fc50000 - 0x00007ffe2fcea000 	C:\WINDOWS\System32\msvcp_win.dll
0x00007ffe324a0000 - 0x00007ffe324d1000 	C:\WINDOWS\System32\IMM32.DLL
0x00007ffe1b770000 - 0x00007ffe1b77c000 	C:\Users\repti\.jdks\openjdk-22\bin\vcruntime140_1.dll
0x00007ffe062f0000 - 0x00007ffe0637e000 	C:\Users\repti\.jdks\openjdk-22\bin\msvcp140.dll
0x00007ffdda1a0000 - 0x00007ffddaee8000 	C:\Users\repti\.jdks\openjdk-22\bin\server\jvm.dll
0x00007ffe31650000 - 0x00007ffe31701000 	C:\WINDOWS\System32\ADVAPI32.dll
0x00007ffe311a0000 - 0x00007ffe31247000 	C:\WINDOWS\System32\sechost.dll
0x00007ffe30050000 - 0x00007ffe30078000 	C:\WINDOWS\System32\bcrypt.dll
0x00007ffe320b0000 - 0x00007ffe321c4000 	C:\WINDOWS\System32\RPCRT4.dll
0x00007ffe32420000 - 0x00007ffe32491000 	C:\WINDOWS\System32\WS2_32.dll
0x00007ffe2f750000 - 0x00007ffe2f79d000 	C:\WINDOWS\SYSTEM32\POWRPROF.dll
0x00007ffe2a970000 - 0x00007ffe2a9a4000 	C:\WINDOWS\SYSTEM32\WINMM.dll
0x00007ffe256e0000 - 0x00007ffe256ea000 	C:\WINDOWS\SYSTEM32\VERSION.dll
0x00007ffe2f730000 - 0x00007ffe2f743000 	C:\WINDOWS\SYSTEM32\UMPDC.dll
0x00007ffe2e890000 - 0x00007ffe2e8a8000 	C:\WINDOWS\SYSTEM32\kernel.appcore.dll
0x00007ffe1b740000 - 0x00007ffe1b74a000 	C:\Users\repti\.jdks\openjdk-22\bin\jimage.dll
0x00007ffe26dc0000 - 0x00007ffe26ff2000 	C:\WINDOWS\SYSTEM32\DBGHELP.DLL
0x00007ffe30590000 - 0x00007ffe30920000 	C:\WINDOWS\System32\combase.dll
0x00007ffe31f70000 - 0x00007ffe32047000 	C:\WINDOWS\System32\OLEAUT32.dll
0x00007ffe11140000 - 0x00007ffe11172000 	C:\WINDOWS\SYSTEM32\dbgcore.DLL
0x00007ffe2fcf0000 - 0x00007ffe2fd6b000 	C:\WINDOWS\System32\bcryptPrimitives.dll
0x00007ffe1b760000 - 0x00007ffe1b76f000 	C:\Users\repti\.jdks\openjdk-22\bin\instrument.dll
0x00007ffe17710000 - 0x00007ffe1772e000 	C:\Users\repti\.jdks\openjdk-22\bin\java.dll
0x00007ffe30920000 - 0x00007ffe31198000 	C:\WINDOWS\System32\SHELL32.dll
0x00007ffe31870000 - 0x00007ffe31a11000 	C:\WINDOWS\System32\ole32.dll
0x00007ffe2d780000 - 0x00007ffe2e090000 	C:\WINDOWS\SYSTEM32\windows.storage.dll
0x00007ffe2d640000 - 0x00007ffe2d77f000 	C:\WINDOWS\SYSTEM32\wintypes.dll
0x00007ffe30480000 - 0x00007ffe3058a000 	C:\WINDOWS\System32\SHCORE.dll
0x00007ffe32050000 - 0x00007ffe320ae000 	C:\WINDOWS\System32\shlwapi.dll
0x00007ffe2f7b0000 - 0x00007ffe2f7db000 	C:\WINDOWS\SYSTEM32\profapi.dll
0x00007ffdfeac0000 - 0x00007ffdfeb97000 	C:\Users\repti\.jdks\openjdk-22\bin\jsvml.dll
0x00007ffe12680000 - 0x00007ffe12697000 	C:\Users\repti\.jdks\openjdk-22\bin\zip.dll
0x00007ffe17cf0000 - 0x00007ffe17d00000 	C:\Users\repti\.jdks\openjdk-22\bin\net.dll
0x00007ffe2ed20000 - 0x00007ffe2ed8a000 	C:\WINDOWS\system32\mswsock.dll
0x00007ffe15fb0000 - 0x00007ffe15fc6000 	C:\Users\repti\.jdks\openjdk-22\bin\nio.dll
0x00007ffe19500000 - 0x00007ffe1951a000 	C:\Program Files\JetBrains\IntelliJ IDEA 2024.2.3\bin\breakgen64.dll
0x00007ffe17cd0000 - 0x00007ffe17cd9000 	C:\Users\repti\.jdks\openjdk-22\bin\extnet.dll
0x00007ffe2efa0000 - 0x00007ffe2efbb000 	C:\WINDOWS\SYSTEM32\CRYPTSP.dll
0x00007ffe2e7f0000 - 0x00007ffe2e825000 	C:\WINDOWS\system32\rsaenh.dll
0x00007ffe2ee30000 - 0x00007ffe2ee58000 	C:\WINDOWS\SYSTEM32\USERENV.dll
0x00007ffe2ef90000 - 0x00007ffe2ef9c000 	C:\WINDOWS\SYSTEM32\CRYPTBASE.dll
0x00007ffe2e2f0000 - 0x00007ffe2e31d000 	C:\WINDOWS\SYSTEM32\IPHLPAPI.DLL
0x00007ffe30470000 - 0x00007ffe30479000 	C:\WINDOWS\System32\NSI.dll
0x00007ffe2e320000 - 0x00007ffe2e422000 	C:\WINDOWS\SYSTEM32\DNSAPI.dll
0x00007ffe2ae20000 - 0x00007ffe2ae2a000 	C:\Windows\System32\rasadhlp.dll
0x00007ffe27fa0000 - 0x00007ffe28023000 	C:\WINDOWS\System32\fwpuclnt.dll
0x00007ffe09450000 - 0x00007ffe0945e000 	C:\Users\repti\.jdks\openjdk-22\bin\sunmscapi.dll
0x00007ffe2fdf0000 - 0x00007ffe2ff56000 	C:\WINDOWS\System32\CRYPT32.dll
0x00007ffe2f130000 - 0x00007ffe2f15d000 	C:\WINDOWS\SYSTEM32\ncrypt.dll
0x00007ffe2f0f0000 - 0x00007ffe2f127000 	C:\WINDOWS\SYSTEM32\NTASN1.dll
0x00007ffe0fcd0000 - 0x00007ffe0fce0000 	C:\Users\repti\.jdks\openjdk-22\bin\verify.dll

dbghelp: loaded successfully - version: 4.0.5 - missing functions: none
symbol engine: initialized successfully - sym options: 0x614 - pdb path: .;C:\Users\repti\.jdks\openjdk-22\bin;C:\WINDOWS\SYSTEM32;C:\WINDOWS\WinSxS\amd64_microsoft.windows.common-controls_6595b64144ccf1df_6.0.22621.4830_none_270fe7d773858e80;C:\Users\repti\.jdks\openjdk-22\bin\server;C:\Program Files\JetBrains\IntelliJ IDEA 2024.2.3\bin

VM Arguments:
jvm_args: -ea -Didea.test.cyclic.buffer.size=1048576 -javaagent:C:\Program Files\JetBrains\IntelliJ IDEA 2024.2.3\lib\idea_rt.jar=65100:C:\Program Files\JetBrains\IntelliJ IDEA 2024.2.3\bin -Dfile.encoding=UTF-8 -Dsun.stdout.encoding=UTF-8 -Dsun.stderr.encoding=UTF-8 
java_command: com.intellij.rt.junit.JUnitStarter -ideVersion5 -junit5 org.example.AppTest
java_class_path (initial): C:\Users\repti\.m2\repository\org\junit\platform\junit-platform-launcher\1.8.1\junit-platform-launcher-1.8.1.jar;C:\Program Files\JetBrains\IntelliJ IDEA 2024.2.3\lib\idea_rt.jar;C:\Program Files\JetBrains\IntelliJ IDEA 2024.2.3\plugins\junit\lib\junit5-rt.jar;C:\Program Files\JetBrains\IntelliJ IDEA 2024.2.3\plugins\junit\lib\junit-rt.jar;C:\Users\repti\IdeaProjects\LEGOCollection\target\test-classes;C:\Users\repti\IdeaProjects\LEGOCollection\target\classes;C:\Users\repti\.m2\repository\org\junit\jupiter\junit-jupiter\5.8.1\junit-jupiter-5.8.1.jar;C:\Users\repti\.m2\repository\org\junit\jupiter\junit-jupiter-api\5.8.1\junit-jupiter-api-5.8.1.jar;C:\Users\repti\.m2\repository\org\opentest4j\opentest4j\1.2.0\opentest4j-1.2.0.jar;C:\Users\repti\.m2\repository\org\junit\platform\junit-platform-commons\1.8.1\junit-platform-commons-1.8.1.jar;C:\Users\repti\.m2\repository\org\apiguardian\apiguardian-api\1.1.2\apiguardian-api-1.1.2.jar;C:\Users\repti\.m2\repository\org\junit\jupiter\junit-jupiter-params\5.8.1\junit-jupiter-params-5.8.1.jar;C:\Users\repti\.m2\repository\org\junit\jupiter\junit-jupiter-engine\5.8.1\junit-jupiter-engine-5.8.1.jar;C:\Users\repti\.m2\repository\org\junit\platform\junit-platform-engine\1.8.1\junit-platform-engine-1.8.1.jar;C:\Users\repti\.m2\repository\org\hibernate\orm\hibernate-core\6.6.1.Final\hibernate-core-6.6.1.Final.jar;C:\Users\repti\.m2\repository\jakarta\persistence\jakarta.persistence-api\3.1.0\jakarta.persistence-api-3.1.0.jar;C:\Users\repti\.m2\repository\jakarta\transaction\jakarta.transaction-api\2.0.1\jakarta.transaction-api-2.0.1.jar;C:\Users\repti\.m2\repository\org\jboss\logging\jboss-logging\3.5.0.Final\jboss-logging-3.5.0.Final.jar;C:\Users\repti\.m2\repository\org\hibernate\common\hibernate-commons-annotations\7.0.1.Final\hibernate-commons-annotations-7.0.1.Final.jar;C:\Users\repti\.m2\repository\io\smallrye\jandex\3.2.0\jandex-3.2.0.jar;C:\Users\repti\.m2\repository\com\fasterxml\classmate\1.5.1\classmate-1.5.1.jar;C:\Users\repti\.m2\repository\net\bytebuddy\byte-buddy\1.14.18\byte-buddy-1.14.18.jar;C:\Users\repti\.m2\repository\jakarta\xml\bind\jakarta.xml.bind-api\4.0.0\jakarta.xml.bind-api-4.0.0.jar;C:\Users\repti\.m2\repository\jakarta\activation\jakarta.activation-api\2.1.0\jakarta.activation-api-2.1.0.jar;C:\Users\repti\.m2\repository\org\glassfish\jaxb\jaxb-runtime\4.0.2\jaxb-runtime-4.0.2.jar;C:\Users\repti\.m2\repository\org\glassfish\jaxb\jaxb-core\4.0.2\jaxb-core-4.0.2.jar;C:\Users\repti\.m2\repository\org\eclipse\angus\angus-activation\2.0.0\angus-activation-2.0.0.jar;C:\Users\repti\.m2\repository\org\glassfish\jaxb\txw2\4.0.2\txw2-4.0.2.jar;C:\Users\repti\.m2\repository\com\sun\istack\istack-commons-runtime\4.1.1\istack-commons-runtime-4.1.1.jar;C:\Users\repti\.m2\repository\jakarta\inject\jakarta.inject-api\2.0.1\jakarta.inject-api-2.0.1.jar;C:\Users\repti\.m2\repository\org\antlr\antlr4-runtime\4.13.0\antlr4-runtime-4.13.0.jar;C:\Users\repti\.m2\repository\com\mysql\mysql-connector-j\8.0.33\mysql-connector-j-8.0.33.jar;C:\Users\repti\.m2\repository\com\google\protobuf\protobuf-java\3.21.9\protobuf-java-3.21.9.jar
Launcher Type: SUN_STANDARD

[Global flags]
     intx CICompilerCount                          = 3                                         {product} {ergonomic}
     uint ConcGCThreads                            = 1                                         {product} {ergonomic}
     uint G1ConcRefinementThreads                  = 4                                         {product} {ergonomic}
   size_t G1HeapRegionSize                         = 1048576                                   {product} {ergonomic}
   size_t InitialHeapSize                          = 58720256                                  {product} {ergonomic}
   size_t MarkStackSize                            = 4194304                                   {product} {ergonomic}
   size_t MaxHeapSize                              = 918552576                                 {product} {ergonomic}
   size_t MaxNewSize                               = 550502400                                 {product} {ergonomic}
   size_t MinHeapDeltaBytes                        = 1048576                                   {product} {ergonomic}
   size_t MinHeapSize                              = 8388608                                   {product} {ergonomic}
    uintx NonNMethodCodeHeapSize                   = 5832780                                {pd product} {ergonomic}
    uintx NonProfiledCodeHeapSize                  = 122912730                              {pd product} {ergonomic}
    uintx ProfiledCodeHeapSize                     = 122912730                              {pd product} {ergonomic}
    uintx ReservedCodeCacheSize                    = 251658240                              {pd product} {ergonomic}
     bool SegmentedCodeCache                       = true                                      {product} {ergonomic}
   size_t SoftMaxHeapSize                          = 918552576                              {manageable} {ergonomic}
     bool UseCompressedOops                        = true                           {product lp64_product} {ergonomic}
     bool UseG1GC                                  = true                                      {product} {ergonomic}
     bool UseLargePagesIndividualAllocation        = false                                  {pd product} {ergonomic}

Logging:
Log output configuration:
 #0: stdout all=warning uptime,level,tags foldmultilines=false
 #1: stderr all=off uptime,level,tags foldmultilines=false

Environment Variables:
JAVA_HOME=C:\Users\repti\.jdks\openjdk-22
PATH=C:\Program Files\Common Files\Oracle\Java\javapath;C:\Program Files (x86)\Common Files\Oracle\Java\javapath;C:\WINDOWS\system32;C:\WINDOWS;C:\WINDOWS\System32\Wbem;C:\WINDOWS\System32\WindowsPowerShell\v1.0\;C:\WINDOWS\System32\OpenSSH\;C:\Program Files\Microsoft SQL Server\Client SDK\ODBC\170\Tools\Binn\;C:\Program Files\dotnet\;C:\Program Files (x86)\Microsoft SQL Server\160\Tools\Binn\;C:\Program Files\Microsoft SQL Server\160\Tools\Binn\;C:\Program Files\Microsoft SQL Server\160\DTS\Binn\;C:\Program Files\Git\cmd;C:\Program Files\Maven\apache-maven-3.9.9-bin\apache-maven-3.9.9\bin;;C:\Program Files\Docker\Docker\resources\bin;C:\Program Files\Common Files\Oracle\Java\javapath;C:\Program Files (x86)\Common Files\Oracle\Java\javapath;C:\Program Files\Oculus\Support\oculus-runtime;C:\WINDOWS\system32;C:\WINDOWS;C:\WINDOWS\System32\Wbem;C:\WINDOWS\System32\WindowsPowerShell\v1.0\;C:\WINDOWS\System32\OpenSSH\;C:\Program Files\Microsoft SQL Server\Client SDK\ODBC\170\Tools\Binn\;C:\Program Files\dotnet\;C:\Program Files (x86)\Microsoft SQL Server\160\Tools\Binn\;C:\Program Files\Microsoft SQL Server\160\Tools\Binn\;C:\Program Files\Microsoft SQL Server\160\DTS\Binn\;C:\Program Files\Git\cmd;C:\Users\repti\AppData\Local\Microsoft\WindowsApps;C:\Program Files\Lua;C:\Users\repti\AppData\Local\GitHubDesktop\bin;C:\Users\repti\.dotnet\tools;C:\Users\repti\AppData\Local\Programs\Microsoft VS Code\bin;C:\Users\repti\AppData\Local\Programs\Azure Data Studio\bin;C:\Users\jetbrains\AppData\Roaming\Python\Scripts;C:\Users\repti\AppData\Roaming\Python\Scripts;C:\Users\repti\AppData\Local\Programs\mongosh\
USERNAME=repti
OS=Windows_NT
PROCESSOR_IDENTIFIER=AMD64 Family 23 Model 24 Stepping 1, AuthenticAMD
TMP=C:\Users\repti\AppData\Local\Temp
TEMP=C:\Users\repti\AppData\Local\Temp




Periodic native trim disabled

---------------  S Y S T E M  ---------------

OS:
 Windows 11 , 64 bit Build 22621 (10.0.22621.4830)
OS uptime: 6 days 6:11 hours
Hyper-V role detected

CPU: total 4 (initial active 4) (4 cores per cpu, 2 threads per core) family 23 model 24 stepping 1 microcode 0x0, cx8, cmov, fxsr, ht, mmx, 3dnowpref, sse, sse2, sse3, ssse3, sse4a, sse4.1, sse4.2, popcnt, lzcnt, tsc, tscinvbit, avx, avx2, aes, clmul, bmi1, bmi2, adx, sha, fma, vzeroupper, clflush, clflushopt, hv, rdtscp, f16c
Processor Information for all 4 processors :
  Max Mhz: 2400, Current Mhz: 2400, Mhz Limit: 2400

Memory: 4k page, system-wide physical 3503M (216M free)
TotalPageFile size 14255M (AvailPageFile size 2M)
current process WorkingSet (physical memory assigned to process): 164M, peak: 164M
current process commit charge ("private bytes"): 196M, peak: 197M

vm_info: OpenJDK 64-Bit Server VM (22+36-2370) for windows-amd64 JRE (22+36-2370), built on 2024-02-15T22:15:19Z by "mach5one" with MS VC++ 17.6 (VS2022)

END.
